<?xml version="1.1" encoding="UTF-8"?>
<testsuite name="com.easyrent.webapp.controller.HomeControllerTest" tests="2" failures="0" errors="0" timestamp="1970-01-01T00:00:00" hostname="sabir.salman" time="1.431594943977E9">
  <properties/>
  <testcase name="getDefaultHomePage" classname="com.easyrent.webapp.controller.HomeControllerTest" time="4.087"/>
  <testcase name="viewName" classname="com.easyrent.webapp.controller.HomeControllerTest" time="0.18"/>
  <system-out><![CDATA[2015-05-14 15:15:39 DEBUG SpringJUnit4ClassRunner:105 - SpringJUnit4ClassRunner constructor called with [class com.easyrent.webapp.controller.HomeControllerTest].
2015-05-14 15:15:39 DEBUG AbstractDelegatingSmartContextLoader:89 - Delegating to GenericXmlWebContextLoader to process context configuration [ContextConfigurationAttributes@117ca8c8 declaringClass = 'com.easyrent.webapp.controller.HomeControllerTest', locations = '{file:src/main/webapp/WEB-INF/servlet-context.xml, file:src/main/webapp/WEB-INF/applicationContext-jpa.xml}', classes = '{}', inheritLocations = true, initializers = '{}', inheritInitializers = true, name = [null], contextLoaderClass = 'org.springframework.test.context.ContextLoader'].
2015-05-14 15:15:39 DEBUG ContextLoaderUtils:502 - Could not find an 'annotation declaring class' for annotation type [org.springframework.test.context.ActiveProfiles] and class [com.easyrent.webapp.controller.HomeControllerTest]
2015-05-14 15:15:39 DEBUG TestContextManager:190 - @TestExecutionListeners is not present for class [com.easyrent.webapp.controller.HomeControllerTest]: using defaults.
2015-05-14 15:15:39 DEBUG ProfileValueUtils:70 - Retrieved @ProfileValueSourceConfiguration [null] for test class [com.easyrent.webapp.controller.HomeControllerTest]
2015-05-14 15:15:39 DEBUG ProfileValueUtils:82 - Retrieved ProfileValueSource type [class org.springframework.test.annotation.SystemProfileValueSource] for class [com.easyrent.webapp.controller.HomeControllerTest]
2015-05-14 15:15:39 DEBUG ProfileValueUtils:70 - Retrieved @ProfileValueSourceConfiguration [null] for test class [com.easyrent.webapp.controller.HomeControllerTest]
2015-05-14 15:15:39 DEBUG ProfileValueUtils:82 - Retrieved ProfileValueSource type [class org.springframework.test.annotation.SystemProfileValueSource] for class [com.easyrent.webapp.controller.HomeControllerTest]
2015-05-14 15:15:39 DEBUG ProfileValueUtils:70 - Retrieved @ProfileValueSourceConfiguration [null] for test class [com.easyrent.webapp.controller.HomeControllerTest]
2015-05-14 15:15:39 DEBUG ProfileValueUtils:82 - Retrieved ProfileValueSource type [class org.springframework.test.annotation.SystemProfileValueSource] for class [com.easyrent.webapp.controller.HomeControllerTest]
2015-05-14 15:15:39 DEBUG ProfileValueUtils:70 - Retrieved @ProfileValueSourceConfiguration [null] for test class [com.easyrent.webapp.controller.HomeControllerTest]
2015-05-14 15:15:39 DEBUG ProfileValueUtils:82 - Retrieved ProfileValueSource type [class org.springframework.test.annotation.SystemProfileValueSource] for class [com.easyrent.webapp.controller.HomeControllerTest]
2015-05-14 15:15:39 DEBUG AbstractDelegatingSmartContextLoader:98 - Delegating to GenericXmlWebContextLoader to load context from [WebMergedContextConfiguration@6bb2725a testClass = HomeControllerTest, locations = '{file:src/main/webapp/WEB-INF/servlet-context.xml, file:src/main/webapp/WEB-INF/applicationContext-jpa.xml}', classes = '{}', contextInitializerClasses = '[]', activeProfiles = '{}', resourceBasePath = 'src/main/webapp', contextLoader = 'org.springframework.test.context.web.WebDelegatingSmartContextLoader', parent = [null]].
2015-05-14 15:15:39 DEBUG AbstractGenericWebContextLoader:114 - Loading WebApplicationContext for merged context configuration [WebMergedContextConfiguration@6bb2725a testClass = HomeControllerTest, locations = '{file:src/main/webapp/WEB-INF/servlet-context.xml, file:src/main/webapp/WEB-INF/applicationContext-jpa.xml}', classes = '{}', contextInitializerClasses = '[]', activeProfiles = '{}', resourceBasePath = 'src/main/webapp', contextLoader = 'org.springframework.test.context.web.WebDelegatingSmartContextLoader', parent = [null]].
2015-05-14 15:15:39 DEBUG StandardServletEnvironment:110 - Adding [servletConfigInitParams] PropertySource with lowest search precedence
2015-05-14 15:15:39 DEBUG StandardServletEnvironment:110 - Adding [servletContextInitParams] PropertySource with lowest search precedence
2015-05-14 15:15:39 DEBUG StandardServletEnvironment:110 - Adding [jndiProperties] PropertySource with lowest search precedence
2015-05-14 15:15:39 DEBUG StandardServletEnvironment:110 - Adding [systemProperties] PropertySource with lowest search precedence
2015-05-14 15:15:39 DEBUG StandardServletEnvironment:110 - Adding [systemEnvironment] PropertySource with lowest search precedence
2015-05-14 15:15:39 DEBUG StandardServletEnvironment:126 - Initialized StandardServletEnvironment with PropertySources [servletConfigInitParams,servletContextInitParams,jndiProperties,systemProperties,systemEnvironment]
2015-05-14 15:15:39 INFO  XmlBeanDefinitionReader:316 - Loading XML bean definitions from URL [file:src/main/webapp/WEB-INF/servlet-context.xml]
2015-05-14 15:15:39 DEBUG DefaultDocumentLoader:73 - Using JAXP provider [com.sun.org.apache.xerces.internal.jaxp.DocumentBuilderFactoryImpl]
2015-05-14 15:15:39 DEBUG PluggableSchemaResolver:141 - Loading schema mappings from [META-INF/spring.schemas]
2015-05-14 15:15:39 DEBUG PluggableSchemaResolver:147 - Loaded schema mappings: {http://www.springframework.org/schema/tx/spring-tx-2.5.xsd=org/springframework/transaction/config/spring-tx-2.5.xsd, http://www.springframework.org/schema/context/spring-context-3.1.xsd=org/springframework/context/config/spring-context-3.1.xsd, http://www.springframework.org/schema/util/spring-util-3.0.xsd=org/springframework/beans/factory/xml/spring-util-3.0.xsd, http://www.springframework.org/schema/tool/spring-tool.xsd=org/springframework/beans/factory/xml/spring-tool-4.0.xsd, http://www.springframework.org/schema/aop/spring-aop-3.2.xsd=org/springframework/aop/config/spring-aop-3.2.xsd, http://www.springframework.org/schema/context/spring-context-4.0.xsd=org/springframework/context/config/spring-context-4.0.xsd, http://www.springframework.org/schema/mvc/spring-mvc-3.2.xsd=org/springframework/web/servlet/config/spring-mvc-3.2.xsd, http://www.springframework.org/schema/lang/spring-lang-3.2.xsd=org/springframework/scripting/config/spring-lang-3.2.xsd, http://www.springframework.org/schema/cache/spring-cache-3.2.xsd=org/springframework/cache/config/spring-cache-3.2.xsd, http://www.springframework.org/schema/jdbc/spring-jdbc-3.1.xsd=org/springframework/jdbc/config/spring-jdbc-3.1.xsd, http://www.springframework.org/schema/util/spring-util-2.0.xsd=org/springframework/beans/factory/xml/spring-util-2.0.xsd, http://www.springframework.org/schema/tool/spring-tool-3.2.xsd=org/springframework/beans/factory/xml/spring-tool-3.2.xsd, http://www.springframework.org/schema/context/spring-context.xsd=org/springframework/context/config/spring-context-4.0.xsd, http://www.springframework.org/schema/aop/spring-aop-4.0.xsd=org/springframework/aop/config/spring-aop-4.0.xsd, http://www.springframework.org/schema/jee/spring-jee-3.2.xsd=org/springframework/ejb/config/spring-jee-3.2.xsd, http://www.springframework.org/schema/context/spring-context-3.0.xsd=org/springframework/context/config/spring-context-3.0.xsd, http://www.springframework.org/schema/jdbc/spring-jdbc-4.0.xsd=org/springframework/jdbc/config/spring-jdbc-4.0.xsd, http://www.springframework.org/schema/util/spring-util-2.5.xsd=org/springframework/beans/factory/xml/spring-util-2.5.xsd, http://www.springframework.org/schema/mvc/spring-mvc-4.0.xsd=org/springframework/web/servlet/config/spring-mvc-4.0.xsd, http://www.springframework.org/schema/beans/spring-beans-3.2.xsd=org/springframework/beans/factory/xml/spring-beans-3.2.xsd, http://www.springframework.org/schema/aop/spring-aop-3.1.xsd=org/springframework/aop/config/spring-aop-3.1.xsd, http://www.springframework.org/schema/lang/spring-lang-4.0.xsd=org/springframework/scripting/config/spring-lang-4.0.xsd, http://www.springframework.org/schema/mvc/spring-mvc.xsd=org/springframework/web/servlet/config/spring-mvc-4.0.xsd, http://www.springframework.org/schema/mvc/spring-mvc-3.1.xsd=org/springframework/web/servlet/config/spring-mvc-3.1.xsd, http://www.springframework.org/schema/tool/spring-tool-4.0.xsd=org/springframework/beans/factory/xml/spring-tool-4.0.xsd, http://www.springframework.org/schema/lang/spring-lang-3.1.xsd=org/springframework/scripting/config/spring-lang-3.1.xsd, http://www.springframework.org/schema/tx/spring-tx-3.2.xsd=org/springframework/transaction/config/spring-tx-3.2.xsd, http://www.springframework.org/schema/cache/spring-cache-3.1.xsd=org/springframework/cache/config/spring-cache-3.1.xsd, http://www.springframework.org/schema/jee/spring-jee-4.0.xsd=org/springframework/ejb/config/spring-jee-4.0.xsd, http://www.springframework.org/schema/jdbc/spring-jdbc-3.0.xsd=org/springframework/jdbc/config/spring-jdbc-3.0.xsd, http://www.springframework.org/schema/jdbc/spring-jdbc.xsd=org/springframework/jdbc/config/spring-jdbc-4.0.xsd, http://www.springframework.org/schema/tool/spring-tool-3.1.xsd=org/springframework/beans/factory/xml/spring-tool-3.1.xsd, http://www.springframework.org/schema/cache/spring-cache-4.0.xsd=org/springframework/cache/config/spring-cache-4.0.xsd, http://www.springframework.org/schema/jee/spring-jee-3.1.xsd=org/springframework/ejb/config/spring-jee-3.1.xsd, http://www.springframework.org/schema/task/spring-task-3.2.xsd=org/springframework/scheduling/config/spring-task-3.2.xsd, http://www.springframework.org/schema/beans/spring-beans-3.1.xsd=org/springframework/beans/factory/xml/spring-beans-3.1.xsd, http://www.springframework.org/schema/util/spring-util.xsd=org/springframework/beans/factory/xml/spring-util-4.0.xsd, http://www.springframework.org/schema/aop/spring-aop-3.0.xsd=org/springframework/aop/config/spring-aop-3.0.xsd, http://www.springframework.org/schema/mvc/spring-mvc-3.0.xsd=org/springframework/web/servlet/config/spring-mvc-3.0.xsd, http://www.springframework.org/schema/beans/spring-beans-4.0.xsd=org/springframework/beans/factory/xml/spring-beans-4.0.xsd, http://www.springframework.org/schema/beans/spring-beans.xsd=org/springframework/beans/factory/xml/spring-beans-4.0.xsd, http://www.springframework.org/schema/lang/spring-lang-3.0.xsd=org/springframework/scripting/config/spring-lang-3.0.xsd, http://www.springframework.org/schema/tx/spring-tx-3.1.xsd=org/springframework/transaction/config/spring-tx-3.1.xsd, http://www.springframework.org/schema/context/spring-context-2.5.xsd=org/springframework/context/config/spring-context-2.5.xsd, http://www.springframework.org/schema/task/spring-task-4.0.xsd=org/springframework/scheduling/config/spring-task-4.0.xsd, http://www.springframework.org/schema/tool/spring-tool-3.0.xsd=org/springframework/beans/factory/xml/spring-tool-3.0.xsd, http://www.springframework.org/schema/tx/spring-tx-4.0.xsd=org/springframework/transaction/config/spring-tx-4.0.xsd, http://www.springframework.org/schema/aop/spring-aop-2.0.xsd=org/springframework/aop/config/spring-aop-2.0.xsd, http://www.springframework.org/schema/jee/spring-jee-3.0.xsd=org/springframework/ejb/config/spring-jee-3.0.xsd, http://www.springframework.org/schema/task/spring-task-3.1.xsd=org/springframework/scheduling/config/spring-task-3.1.xsd, http://www.springframework.org/schema/beans/spring-beans-3.0.xsd=org/springframework/beans/factory/xml/spring-beans-3.0.xsd, http://www.springframework.org/schema/jee/spring-jee.xsd=org/springframework/ejb/config/spring-jee-4.0.xsd, http://www.springframework.org/schema/aop/spring-aop-2.5.xsd=org/springframework/aop/config/spring-aop-2.5.xsd, http://www.springframework.org/schema/lang/spring-lang-2.0.xsd=org/springframework/scripting/config/spring-lang-2.0.xsd, http://www.springframework.org/schema/util/spring-util-3.2.xsd=org/springframework/beans/factory/xml/spring-util-3.2.xsd, http://www.springframework.org/schema/task/spring-task.xsd=org/springframework/scheduling/config/spring-task-4.0.xsd, http://www.springframework.org/schema/tool/spring-tool-2.0.xsd=org/springframework/beans/factory/xml/spring-tool-2.0.xsd, http://www.springframework.org/schema/tx/spring-tx-3.0.xsd=org/springframework/transaction/config/spring-tx-3.0.xsd, http://www.springframework.org/schema/lang/spring-lang-2.5.xsd=org/springframework/scripting/config/spring-lang-2.5.xsd, http://www.springframework.org/schema/jee/spring-jee-2.0.xsd=org/springframework/ejb/config/spring-jee-2.0.xsd, http://www.springframework.org/schema/tool/spring-tool-2.5.xsd=org/springframework/beans/factory/xml/spring-tool-2.5.xsd, http://www.springframework.org/schema/jee/spring-jee-2.5.xsd=org/springframework/ejb/config/spring-jee-2.5.xsd, http://www.springframework.org/schema/util/spring-util-4.0.xsd=org/springframework/beans/factory/xml/spring-util-4.0.xsd, http://www.springframework.org/schema/task/spring-task-3.0.xsd=org/springframework/scheduling/config/spring-task-3.0.xsd, http://www.springframework.org/schema/lang/spring-lang.xsd=org/springframework/scripting/config/spring-lang-4.0.xsd, http://www.springframework.org/schema/context/spring-context-3.2.xsd=org/springframework/context/config/spring-context-3.2.xsd, http://www.springframework.org/schema/util/spring-util-3.1.xsd=org/springframework/beans/factory/xml/spring-util-3.1.xsd, http://www.springframework.org/schema/beans/spring-beans-2.0.xsd=org/springframework/beans/factory/xml/spring-beans-2.0.xsd, http://www.springframework.org/schema/cache/spring-cache.xsd=org/springframework/cache/config/spring-cache-4.0.xsd, http://www.springframework.org/schema/tx/spring-tx.xsd=org/springframework/transaction/config/spring-tx-4.0.xsd, http://www.springframework.org/schema/beans/spring-beans-2.5.xsd=org/springframework/beans/factory/xml/spring-beans-2.5.xsd, http://www.springframework.org/schema/tx/spring-tx-2.0.xsd=org/springframework/transaction/config/spring-tx-2.0.xsd, http://www.springframework.org/schema/jdbc/spring-jdbc-3.2.xsd=org/springframework/jdbc/config/spring-jdbc-3.2.xsd, http://www.springframework.org/schema/aop/spring-aop.xsd=org/springframework/aop/config/spring-aop-4.0.xsd}
2015-05-14 15:15:39 DEBUG PluggableSchemaResolver:119 - Found XML schema [http://www.springframework.org/schema/beans/spring-beans.xsd] in classpath: org/springframework/beans/factory/xml/spring-beans-4.0.xsd
2015-05-14 15:15:39 DEBUG PluggableSchemaResolver:119 - Found XML schema [http://www.springframework.org/schema/context/spring-context.xsd] in classpath: org/springframework/context/config/spring-context-4.0.xsd
2015-05-14 15:15:39 DEBUG PluggableSchemaResolver:119 - Found XML schema [http://www.springframework.org/schema/tool/spring-tool-4.0.xsd] in classpath: org/springframework/beans/factory/xml/spring-tool-4.0.xsd
2015-05-14 15:15:39 DEBUG PluggableSchemaResolver:119 - Found XML schema [http://www.springframework.org/schema/mvc/spring-mvc.xsd] in classpath: org/springframework/web/servlet/config/spring-mvc-4.0.xsd
2015-05-14 15:15:39 DEBUG DefaultBeanDefinitionDocumentReader:108 - Loading bean definitions
2015-05-14 15:15:39 DEBUG DefaultNamespaceHandlerResolver:157 - Loaded NamespaceHandler mappings: {http://www.springframework.org/schema/p=org.springframework.beans.factory.xml.SimplePropertyNamespaceHandler, http://www.springframework.org/schema/mvc=org.springframework.web.servlet.config.MvcNamespaceHandler, http://www.springframework.org/schema/util=org.springframework.beans.factory.xml.UtilNamespaceHandler, http://www.springframework.org/schema/jee=org.springframework.ejb.config.JeeNamespaceHandler, http://www.springframework.org/schema/aop=org.springframework.aop.config.AopNamespaceHandler, http://www.springframework.org/schema/jdbc=org.springframework.jdbc.config.JdbcNamespaceHandler, http://www.springframework.org/schema/cache=org.springframework.cache.config.CacheNamespaceHandler, http://www.springframework.org/schema/c=org.springframework.beans.factory.xml.SimpleConstructorNamespaceHandler, http://www.springframework.org/schema/tx=org.springframework.transaction.config.TxNamespaceHandler, http://www.springframework.org/schema/task=org.springframework.scheduling.config.TaskNamespaceHandler, http://www.springframework.org/schema/lang=org.springframework.scripting.config.LangNamespaceHandler, http://www.springframework.org/schema/context=org.springframework.context.config.ContextNamespaceHandler}
2015-05-14 15:15:39 DEBUG PathMatchingResourcePatternResolver:556 - Looking for matching resources in directory tree [/home/sabir.salman/Idea Projects Backup/EasyRent/build/classes/test/com/easyrent/webapp/controller]
2015-05-14 15:15:39 DEBUG PathMatchingResourcePatternResolver:618 - Searching directory [/home/sabir.salman/Idea Projects Backup/EasyRent/build/classes/test/com/easyrent/webapp/controller] for files matching pattern [/home/sabir.salman/Idea Projects Backup/EasyRent/build/classes/test/com/easyrent/webapp/controller/**/*.class]
2015-05-14 15:15:39 DEBUG PathMatchingResourcePatternResolver:556 - Looking for matching resources in directory tree [/home/sabir.salman/Idea Projects Backup/EasyRent/build/classes/main/com/easyrent/webapp/controller]
2015-05-14 15:15:39 DEBUG PathMatchingResourcePatternResolver:618 - Searching directory [/home/sabir.salman/Idea Projects Backup/EasyRent/build/classes/main/com/easyrent/webapp/controller] for files matching pattern [/home/sabir.salman/Idea Projects Backup/EasyRent/build/classes/main/com/easyrent/webapp/controller/**/*.class]
2015-05-14 15:15:39 DEBUG PathMatchingResourcePatternResolver:357 - Resolved location pattern [classpath*:com/easyrent/webapp/controller/**/*.class] to resources [file [/home/sabir.salman/Idea Projects Backup/EasyRent/build/classes/test/com/easyrent/webapp/controller/HomeControllerTest.class], file [/home/sabir.salman/Idea Projects Backup/EasyRent/build/classes/main/com/easyrent/webapp/controller/CommercialRentalController.class], file [/home/sabir.salman/Idea Projects Backup/EasyRent/build/classes/main/com/easyrent/webapp/controller/ProfileController.class], file [/home/sabir.salman/Idea Projects Backup/EasyRent/build/classes/main/com/easyrent/webapp/controller/SignUpController.class], file [/home/sabir.salman/Idea Projects Backup/EasyRent/build/classes/main/com/easyrent/webapp/controller/AuthController.class], file [/home/sabir.salman/Idea Projects Backup/EasyRent/build/classes/main/com/easyrent/webapp/controller/SearchController.class], file [/home/sabir.salman/Idea Projects Backup/EasyRent/build/classes/main/com/easyrent/webapp/controller/ReviewController.class], file [/home/sabir.salman/Idea Projects Backup/EasyRent/build/classes/main/com/easyrent/webapp/controller/ResidentialRentalController.class], file [/home/sabir.salman/Idea Projects Backup/EasyRent/build/classes/main/com/easyrent/webapp/controller/GlobalExceptionController.class], file [/home/sabir.salman/Idea Projects Backup/EasyRent/build/classes/main/com/easyrent/webapp/controller/HomeController.class], file [/home/sabir.salman/Idea Projects Backup/EasyRent/build/classes/main/com/easyrent/webapp/controller/ImageController.class], file [/home/sabir.salman/Idea Projects Backup/EasyRent/build/classes/main/com/easyrent/webapp/controller/RentalController.class]]
2015-05-14 15:15:39 DEBUG ClassPathBeanDefinitionScanner:284 - Identified candidate component class: file [/home/sabir.salman/Idea Projects Backup/EasyRent/build/classes/main/com/easyrent/webapp/controller/CommercialRentalController.class]
2015-05-14 15:15:39 DEBUG ClassPathBeanDefinitionScanner:284 - Identified candidate component class: file [/home/sabir.salman/Idea Projects Backup/EasyRent/build/classes/main/com/easyrent/webapp/controller/ProfileController.class]
2015-05-14 15:15:39 DEBUG ClassPathBeanDefinitionScanner:284 - Identified candidate component class: file [/home/sabir.salman/Idea Projects Backup/EasyRent/build/classes/main/com/easyrent/webapp/controller/SignUpController.class]
2015-05-14 15:15:39 DEBUG ClassPathBeanDefinitionScanner:284 - Identified candidate component class: file [/home/sabir.salman/Idea Projects Backup/EasyRent/build/classes/main/com/easyrent/webapp/controller/AuthController.class]
2015-05-14 15:15:39 DEBUG ClassPathBeanDefinitionScanner:284 - Identified candidate component class: file [/home/sabir.salman/Idea Projects Backup/EasyRent/build/classes/main/com/easyrent/webapp/controller/SearchController.class]
2015-05-14 15:15:39 DEBUG ClassPathBeanDefinitionScanner:284 - Identified candidate component class: file [/home/sabir.salman/Idea Projects Backup/EasyRent/build/classes/main/com/easyrent/webapp/controller/ReviewController.class]
2015-05-14 15:15:39 DEBUG ClassPathBeanDefinitionScanner:284 - Identified candidate component class: file [/home/sabir.salman/Idea Projects Backup/EasyRent/build/classes/main/com/easyrent/webapp/controller/ResidentialRentalController.class]
2015-05-14 15:15:39 DEBUG ClassPathBeanDefinitionScanner:284 - Identified candidate component class: file [/home/sabir.salman/Idea Projects Backup/EasyRent/build/classes/main/com/easyrent/webapp/controller/GlobalExceptionController.class]
2015-05-14 15:15:39 DEBUG ClassPathBeanDefinitionScanner:284 - Identified candidate component class: file [/home/sabir.salman/Idea Projects Backup/EasyRent/build/classes/main/com/easyrent/webapp/controller/HomeController.class]
2015-05-14 15:15:39 DEBUG ClassPathBeanDefinitionScanner:284 - Identified candidate component class: file [/home/sabir.salman/Idea Projects Backup/EasyRent/build/classes/main/com/easyrent/webapp/controller/ImageController.class]
2015-05-14 15:15:39 DEBUG ClassPathBeanDefinitionScanner:284 - Identified candidate component class: file [/home/sabir.salman/Idea Projects Backup/EasyRent/build/classes/main/com/easyrent/webapp/controller/RentalController.class]
2015-05-14 15:15:40 DEBUG BeanDefinitionParserDelegate:495 - Neither XML 'id' nor 'name' specified - using generated bean name [org.springframework.web.servlet.i18n.LocaleChangeInterceptor#0]
2015-05-14 15:15:40 DEBUG BeanDefinitionParserDelegate:495 - Neither XML 'id' nor 'name' specified - using generated bean name [org.springframework.web.servlet.view.InternalResourceViewResolver#0]
2015-05-14 15:15:40 DEBUG XmlBeanDefinitionReader:223 - Loaded 35 bean definitions from location pattern [file:src/main/webapp/WEB-INF/servlet-context.xml]
2015-05-14 15:15:40 INFO  XmlBeanDefinitionReader:316 - Loading XML bean definitions from URL [file:src/main/webapp/WEB-INF/applicationContext-jpa.xml]
2015-05-14 15:15:40 DEBUG DefaultDocumentLoader:73 - Using JAXP provider [com.sun.org.apache.xerces.internal.jaxp.DocumentBuilderFactoryImpl]
2015-05-14 15:15:40 DEBUG PluggableSchemaResolver:119 - Found XML schema [http://www.springframework.org/schema/beans/spring-beans-4.0.xsd] in classpath: org/springframework/beans/factory/xml/spring-beans-4.0.xsd
2015-05-14 15:15:40 DEBUG PluggableSchemaResolver:119 - Found XML schema [http://www.springframework.org/schema/context/spring-context-4.0.xsd] in classpath: org/springframework/context/config/spring-context-4.0.xsd
2015-05-14 15:15:40 DEBUG PluggableSchemaResolver:119 - Found XML schema [http://www.springframework.org/schema/tool/spring-tool-4.0.xsd] in classpath: org/springframework/beans/factory/xml/spring-tool-4.0.xsd
2015-05-14 15:15:40 DEBUG PluggableSchemaResolver:119 - Found XML schema [http://www.springframework.org/schema/tx/spring-tx-4.0.xsd] in classpath: org/springframework/transaction/config/spring-tx-4.0.xsd
2015-05-14 15:15:40 DEBUG DefaultBeanDefinitionDocumentReader:108 - Loading bean definitions
2015-05-14 15:15:40 DEBUG BeanDefinitionParserDelegate:495 - Neither XML 'id' nor 'name' specified - using generated bean name [org.springframework.orm.jpa.vendor.HibernateJpaVendorAdapter#4d5a5223]
2015-05-14 15:15:40 DEBUG PathMatchingResourcePatternResolver:556 - Looking for matching resources in directory tree [/home/sabir.salman/Idea Projects Backup/EasyRent/build/classes/main/com/easyrent/webapp/persistance]
2015-05-14 15:15:40 DEBUG PathMatchingResourcePatternResolver:618 - Searching directory [/home/sabir.salman/Idea Projects Backup/EasyRent/build/classes/main/com/easyrent/webapp/persistance] for files matching pattern [/home/sabir.salman/Idea Projects Backup/EasyRent/build/classes/main/com/easyrent/webapp/persistance/**/*.class]
2015-05-14 15:15:40 DEBUG PathMatchingResourcePatternResolver:618 - Searching directory [/home/sabir.salman/Idea Projects Backup/EasyRent/build/classes/main/com/easyrent/webapp/persistance/dao] for files matching pattern [/home/sabir.salman/Idea Projects Backup/EasyRent/build/classes/main/com/easyrent/webapp/persistance/**/*.class]
2015-05-14 15:15:40 DEBUG PathMatchingResourcePatternResolver:618 - Searching directory [/home/sabir.salman/Idea Projects Backup/EasyRent/build/classes/main/com/easyrent/webapp/persistance/entity] for files matching pattern [/home/sabir.salman/Idea Projects Backup/EasyRent/build/classes/main/com/easyrent/webapp/persistance/**/*.class]
2015-05-14 15:15:40 DEBUG PathMatchingResourcePatternResolver:357 - Resolved location pattern [classpath*:com/easyrent/webapp/persistance/**/*.class] to resources [file [/home/sabir.salman/Idea Projects Backup/EasyRent/build/classes/main/com/easyrent/webapp/persistance/dao/RentalDAOImpl.class], file [/home/sabir.salman/Idea Projects Backup/EasyRent/build/classes/main/com/easyrent/webapp/persistance/dao/ResidentialRentalDAO.class], file [/home/sabir.salman/Idea Projects Backup/EasyRent/build/classes/main/com/easyrent/webapp/persistance/dao/ResidentialRentalDAOImpl.class], file [/home/sabir.salman/Idea Projects Backup/EasyRent/build/classes/main/com/easyrent/webapp/persistance/dao/ReviewDAO.class], file [/home/sabir.salman/Idea Projects Backup/EasyRent/build/classes/main/com/easyrent/webapp/persistance/dao/UserDAOImpl.class], file [/home/sabir.salman/Idea Projects Backup/EasyRent/build/classes/main/com/easyrent/webapp/persistance/dao/UserDAO.class], file [/home/sabir.salman/Idea Projects Backup/EasyRent/build/classes/main/com/easyrent/webapp/persistance/dao/CommercialRentalDAO.class], file [/home/sabir.salman/Idea Projects Backup/EasyRent/build/classes/main/com/easyrent/webapp/persistance/dao/RentalDAO.class], file [/home/sabir.salman/Idea Projects Backup/EasyRent/build/classes/main/com/easyrent/webapp/persistance/dao/CommercialRentalDAOImpl.class], file [/home/sabir.salman/Idea Projects Backup/EasyRent/build/classes/main/com/easyrent/webapp/persistance/dao/ReviewDAOImpl.class], file [/home/sabir.salman/Idea Projects Backup/EasyRent/build/classes/main/com/easyrent/webapp/persistance/entity/CommercialRental.class], file [/home/sabir.salman/Idea Projects Backup/EasyRent/build/classes/main/com/easyrent/webapp/persistance/entity/Review.class], file [/home/sabir.salman/Idea Projects Backup/EasyRent/build/classes/main/com/easyrent/webapp/persistance/entity/User.class], file [/home/sabir.salman/Idea Projects Backup/EasyRent/build/classes/main/com/easyrent/webapp/persistance/entity/CommercialCategory.class], file [/home/sabir.salman/Idea Projects Backup/EasyRent/build/classes/main/com/easyrent/webapp/persistance/entity/ResidentialRental.class], file [/home/sabir.salman/Idea Projects Backup/EasyRent/build/classes/main/com/easyrent/webapp/persistance/entity/Persistent.class], file [/home/sabir.salman/Idea Projects Backup/EasyRent/build/classes/main/com/easyrent/webapp/persistance/entity/ResidentialCategory.class], file [/home/sabir.salman/Idea Projects Backup/EasyRent/build/classes/main/com/easyrent/webapp/persistance/entity/Rental.class], file [/home/sabir.salman/Idea Projects Backup/EasyRent/build/classes/main/com/easyrent/webapp/persistance/entity/Address.class]]
2015-05-14 15:15:40 DEBUG ClassPathBeanDefinitionScanner:284 - Identified candidate component class: file [/home/sabir.salman/Idea Projects Backup/EasyRent/build/classes/main/com/easyrent/webapp/persistance/dao/RentalDAOImpl.class]
2015-05-14 15:15:40 DEBUG ClassPathBeanDefinitionScanner:284 - Identified candidate component class: file [/home/sabir.salman/Idea Projects Backup/EasyRent/build/classes/main/com/easyrent/webapp/persistance/dao/ResidentialRentalDAOImpl.class]
2015-05-14 15:15:40 DEBUG ClassPathBeanDefinitionScanner:284 - Identified candidate component class: file [/home/sabir.salman/Idea Projects Backup/EasyRent/build/classes/main/com/easyrent/webapp/persistance/dao/UserDAOImpl.class]
2015-05-14 15:15:40 DEBUG ClassPathBeanDefinitionScanner:284 - Identified candidate component class: file [/home/sabir.salman/Idea Projects Backup/EasyRent/build/classes/main/com/easyrent/webapp/persistance/dao/CommercialRentalDAOImpl.class]
2015-05-14 15:15:40 DEBUG ClassPathBeanDefinitionScanner:284 - Identified candidate component class: file [/home/sabir.salman/Idea Projects Backup/EasyRent/build/classes/main/com/easyrent/webapp/persistance/dao/ReviewDAOImpl.class]
2015-05-14 15:15:40 DEBUG PathMatchingResourcePatternResolver:556 - Looking for matching resources in directory tree [/home/sabir.salman/Idea Projects Backup/EasyRent/build/classes/main/com/easyrent/webapp/service]
2015-05-14 15:15:40 DEBUG PathMatchingResourcePatternResolver:618 - Searching directory [/home/sabir.salman/Idea Projects Backup/EasyRent/build/classes/main/com/easyrent/webapp/service] for files matching pattern [/home/sabir.salman/Idea Projects Backup/EasyRent/build/classes/main/com/easyrent/webapp/service/**/*.class]
2015-05-14 15:15:40 DEBUG PathMatchingResourcePatternResolver:357 - Resolved location pattern [classpath*:com/easyrent/webapp/service/**/*.class] to resources [file [/home/sabir.salman/Idea Projects Backup/EasyRent/build/classes/main/com/easyrent/webapp/service/ReviewService.class], file [/home/sabir.salman/Idea Projects Backup/EasyRent/build/classes/main/com/easyrent/webapp/service/ResidentialRentalService.class], file [/home/sabir.salman/Idea Projects Backup/EasyRent/build/classes/main/com/easyrent/webapp/service/ReviewServiceImpl.class], file [/home/sabir.salman/Idea Projects Backup/EasyRent/build/classes/main/com/easyrent/webapp/service/RentalService.class], file [/home/sabir.salman/Idea Projects Backup/EasyRent/build/classes/main/com/easyrent/webapp/service/UserService.class], file [/home/sabir.salman/Idea Projects Backup/EasyRent/build/classes/main/com/easyrent/webapp/service/CommercialRentalService.class], file [/home/sabir.salman/Idea Projects Backup/EasyRent/build/classes/main/com/easyrent/webapp/service/ResidentialRentalServiceImpl.class], file [/home/sabir.salman/Idea Projects Backup/EasyRent/build/classes/main/com/easyrent/webapp/service/CommercialRentalServiceImpl.class], file [/home/sabir.salman/Idea Projects Backup/EasyRent/build/classes/main/com/easyrent/webapp/service/UserServiceImpl.class], file [/home/sabir.salman/Idea Projects Backup/EasyRent/build/classes/main/com/easyrent/webapp/service/RentalServiceImpl.class]]
2015-05-14 15:15:40 DEBUG ClassPathBeanDefinitionScanner:284 - Identified candidate component class: file [/home/sabir.salman/Idea Projects Backup/EasyRent/build/classes/main/com/easyrent/webapp/service/ReviewServiceImpl.class]
2015-05-14 15:15:40 DEBUG ClassPathBeanDefinitionScanner:284 - Identified candidate component class: file [/home/sabir.salman/Idea Projects Backup/EasyRent/build/classes/main/com/easyrent/webapp/service/ResidentialRentalServiceImpl.class]
2015-05-14 15:15:40 DEBUG ClassPathBeanDefinitionScanner:284 - Identified candidate component class: file [/home/sabir.salman/Idea Projects Backup/EasyRent/build/classes/main/com/easyrent/webapp/service/CommercialRentalServiceImpl.class]
2015-05-14 15:15:40 DEBUG ClassPathBeanDefinitionScanner:284 - Identified candidate component class: file [/home/sabir.salman/Idea Projects Backup/EasyRent/build/classes/main/com/easyrent/webapp/service/UserServiceImpl.class]
2015-05-14 15:15:40 DEBUG ClassPathBeanDefinitionScanner:284 - Identified candidate component class: file [/home/sabir.salman/Idea Projects Backup/EasyRent/build/classes/main/com/easyrent/webapp/service/RentalServiceImpl.class]
2015-05-14 15:15:40 DEBUG XmlBeanDefinitionReader:223 - Loaded 19 bean definitions from location pattern [file:src/main/webapp/WEB-INF/applicationContext-jpa.xml]
2015-05-14 15:15:40 INFO  GenericWebApplicationContext:513 - Refreshing org.springframework.web.context.support.GenericWebApplicationContext@199155be: startup date [Thu May 14 15:15:40 BDT 2015]; root of context hierarchy
2015-05-14 15:15:40 DEBUG StandardServletEnvironment:175 - Replacing [servletContextInitParams] PropertySource with [servletContextInitParams]
2015-05-14 15:15:40 DEBUG GenericWebApplicationContext:543 - Bean factory for org.springframework.web.context.support.GenericWebApplicationContext@199155be: org.springframework.beans.factory.support.DefaultListableBeanFactory@299b04a0: defining beans [commercialRentalController,profileController,signUpController,authController,searchController,reviewController,residentialRentalController,globalExceptionController,homeController,imageController,rentalController,org.springframework.context.annotation.internalConfigurationAnnotationProcessor,org.springframework.context.annotation.internalAutowiredAnnotationProcessor,org.springframework.context.annotation.internalRequiredAnnotationProcessor,org.springframework.context.annotation.internalCommonAnnotationProcessor,org.springframework.context.annotation.internalPersistenceAnnotationProcessor,mvcContentNegotiationManager,org.springframework.web.servlet.mvc.method.annotation.RequestMappingHandlerMapping#0,org.springframework.format.support.FormattingConversionServiceFactoryBean#0,org.springframework.validation.beanvalidation.OptionalValidatorFactoryBean#0,org.springframework.web.servlet.mvc.method.annotation.RequestMappingHandlerAdapter#0,mvcUriComponentsContributor,org.springframework.web.servlet.handler.MappedInterceptor#0,org.springframework.web.servlet.mvc.method.annotation.ExceptionHandlerExceptionResolver#0,org.springframework.web.servlet.mvc.annotation.ResponseStatusExceptionResolver#0,org.springframework.web.servlet.mvc.support.DefaultHandlerExceptionResolver#0,org.springframework.web.servlet.handler.BeanNameUrlHandlerMapping,org.springframework.web.servlet.mvc.HttpRequestHandlerAdapter,org.springframework.web.servlet.mvc.SimpleControllerHandlerAdapter,org.springframework.web.servlet.resource.ResourceHttpRequestHandler#0,org.springframework.web.servlet.handler.SimpleUrlHandlerMapping#0,org.springframework.web.servlet.handler.MappedInterceptor#1,org.springframework.web.servlet.handler.MappedInterceptor#2,org.springframework.web.servlet.handler.MappedInterceptor#3,org.springframework.web.servlet.view.InternalResourceViewResolver#0,org.springframework.context.support.PropertySourcesPlaceholderConfigurer#0,myEmf,dataSource,transactionManager,org.springframework.aop.config.internalAutoProxyCreator,org.springframework.transaction.annotation.AnnotationTransactionAttributeSource#0,org.springframework.transaction.interceptor.TransactionInterceptor#0,org.springframework.transaction.config.internalTransactionAdvisor,persistenceExceptionTranslationPostProcessor,rentalDAOImpl,residentialRentalDAOImpl,userDAOImpl,commercialRentalDAOImpl,reviewDAOImpl,reviewServiceImpl,residentialRentalServiceImpl,commercialRentalServiceImpl,userServiceImpl,rentalServiceImpl]; root of factory hierarchy
2015-05-14 15:15:40 DEBUG DefaultListableBeanFactory:220 - Creating shared instance of singleton bean 'org.springframework.context.annotation.internalConfigurationAnnotationProcessor'
2015-05-14 15:15:40 DEBUG DefaultListableBeanFactory:449 - Creating instance of bean 'org.springframework.context.annotation.internalConfigurationAnnotationProcessor'
2015-05-14 15:15:40 DEBUG DefaultListableBeanFactory:523 - Eagerly caching bean 'org.springframework.context.annotation.internalConfigurationAnnotationProcessor' to allow for resolving potential circular references
2015-05-14 15:15:40 DEBUG DefaultListableBeanFactory:477 - Finished creating instance of bean 'org.springframework.context.annotation.internalConfigurationAnnotationProcessor'
2015-05-14 15:15:40 DEBUG DefaultListableBeanFactory:220 - Creating shared instance of singleton bean 'org.springframework.context.support.PropertySourcesPlaceholderConfigurer#0'
2015-05-14 15:15:40 DEBUG DefaultListableBeanFactory:449 - Creating instance of bean 'org.springframework.context.support.PropertySourcesPlaceholderConfigurer#0'
2015-05-14 15:15:40 DEBUG DefaultListableBeanFactory:523 - Eagerly caching bean 'org.springframework.context.support.PropertySourcesPlaceholderConfigurer#0' to allow for resolving potential circular references
2015-05-14 15:15:40 DEBUG DefaultListableBeanFactory:477 - Finished creating instance of bean 'org.springframework.context.support.PropertySourcesPlaceholderConfigurer#0'
2015-05-14 15:15:40 DEBUG MutablePropertySources:110 - Adding [environmentProperties] PropertySource with lowest search precedence
2015-05-14 15:15:40 INFO  PropertySourcesPlaceholderConfigurer:172 - Loading properties file from class path resource [persistence-mysql.properties]
2015-05-14 15:15:40 DEBUG MutablePropertySources:110 - Adding [localProperties] PropertySource with lowest search precedence
2015-05-14 15:15:40 DEBUG PropertySourcesPropertyResolver:81 - Searching for key 'hibernate.show_sql' in [environmentProperties]
2015-05-14 15:15:40 DEBUG PropertySourcesPropertyResolver:81 - Searching for key 'hibernate.show_sql' in [servletConfigInitParams]
2015-05-14 15:15:40 DEBUG PropertySourcesPropertyResolver:81 - Searching for key 'hibernate.show_sql' in [servletContextInitParams]
2015-05-14 15:15:40 DEBUG PropertySourcesPropertyResolver:81 - Searching for key 'hibernate.show_sql' in [jndiProperties]
2015-05-14 15:15:40 DEBUG JndiTemplate:150 - Looking up JNDI object with name [java:comp/env/hibernate.show_sql]
2015-05-14 15:15:40 DEBUG JndiLocatorDelegate:101 - Converted JNDI name [java:comp/env/hibernate.show_sql] not found - trying original name [hibernate.show_sql]. javax.naming.NoInitialContextException: Need to specify class name in environment or system property, or as an applet parameter, or in an application resource file:  java.naming.factory.initial
2015-05-14 15:15:40 DEBUG JndiTemplate:150 - Looking up JNDI object with name [hibernate.show_sql]
2015-05-14 15:15:40 DEBUG JndiPropertySource:87 - JNDI lookup for name [hibernate.show_sql] threw NamingException with message: Need to specify class name in environment or system property, or as an applet parameter, or in an application resource file:  java.naming.factory.initial. Returning null.
2015-05-14 15:15:40 DEBUG PropertySourcesPropertyResolver:81 - Searching for key 'hibernate.show_sql' in [systemProperties]
2015-05-14 15:15:40 DEBUG PropertySourcesPropertyResolver:81 - Searching for key 'hibernate.show_sql' in [systemEnvironment]
2015-05-14 15:15:40 DEBUG PropertySourcesPropertyResolver:103 - Could not find key 'hibernate.show_sql' in any property source. Returning [null]
2015-05-14 15:15:40 DEBUG PropertySourcesPropertyResolver:81 - Searching for key 'hibernate.show_sql' in [localProperties]
2015-05-14 15:15:40 DEBUG PropertySourcesPropertyResolver:90 - Found key 'hibernate.show_sql' in [localProperties] with type [String] and value 'true'
2015-05-14 15:15:40 DEBUG PropertySourcesPropertyResolver:81 - Searching for key 'hibernate.dialect' in [environmentProperties]
2015-05-14 15:15:40 DEBUG PropertySourcesPropertyResolver:81 - Searching for key 'hibernate.dialect' in [servletConfigInitParams]
2015-05-14 15:15:40 DEBUG PropertySourcesPropertyResolver:81 - Searching for key 'hibernate.dialect' in [servletContextInitParams]
2015-05-14 15:15:40 DEBUG PropertySourcesPropertyResolver:81 - Searching for key 'hibernate.dialect' in [jndiProperties]
2015-05-14 15:15:40 DEBUG JndiTemplate:150 - Looking up JNDI object with name [java:comp/env/hibernate.dialect]
2015-05-14 15:15:40 DEBUG JndiLocatorDelegate:101 - Converted JNDI name [java:comp/env/hibernate.dialect] not found - trying original name [hibernate.dialect]. javax.naming.NoInitialContextException: Need to specify class name in environment or system property, or as an applet parameter, or in an application resource file:  java.naming.factory.initial
2015-05-14 15:15:40 DEBUG JndiTemplate:150 - Looking up JNDI object with name [hibernate.dialect]
2015-05-14 15:15:40 DEBUG JndiPropertySource:87 - JNDI lookup for name [hibernate.dialect] threw NamingException with message: Need to specify class name in environment or system property, or as an applet parameter, or in an application resource file:  java.naming.factory.initial. Returning null.
2015-05-14 15:15:40 DEBUG PropertySourcesPropertyResolver:81 - Searching for key 'hibernate.dialect' in [systemProperties]
2015-05-14 15:15:40 DEBUG PropertySourcesPropertyResolver:81 - Searching for key 'hibernate.dialect' in [systemEnvironment]
2015-05-14 15:15:40 DEBUG PropertySourcesPropertyResolver:103 - Could not find key 'hibernate.dialect' in any property source. Returning [null]
2015-05-14 15:15:40 DEBUG PropertySourcesPropertyResolver:81 - Searching for key 'hibernate.dialect' in [localProperties]
2015-05-14 15:15:40 DEBUG PropertySourcesPropertyResolver:90 - Found key 'hibernate.dialect' in [localProperties] with type [String] and value 'org.hibernate.dialect.MySQL5Dialect'
2015-05-14 15:15:40 DEBUG PropertySourcesPropertyResolver:81 - Searching for key 'hibernate.hbm2ddl.auto' in [environmentProperties]
2015-05-14 15:15:40 DEBUG PropertySourcesPropertyResolver:81 - Searching for key 'hibernate.hbm2ddl.auto' in [servletConfigInitParams]
2015-05-14 15:15:40 DEBUG PropertySourcesPropertyResolver:81 - Searching for key 'hibernate.hbm2ddl.auto' in [servletContextInitParams]
2015-05-14 15:15:40 DEBUG PropertySourcesPropertyResolver:81 - Searching for key 'hibernate.hbm2ddl.auto' in [jndiProperties]
2015-05-14 15:15:40 DEBUG JndiTemplate:150 - Looking up JNDI object with name [java:comp/env/hibernate.hbm2ddl.auto]
2015-05-14 15:15:40 DEBUG JndiLocatorDelegate:101 - Converted JNDI name [java:comp/env/hibernate.hbm2ddl.auto] not found - trying original name [hibernate.hbm2ddl.auto]. javax.naming.NoInitialContextException: Need to specify class name in environment or system property, or as an applet parameter, or in an application resource file:  java.naming.factory.initial
2015-05-14 15:15:40 DEBUG JndiTemplate:150 - Looking up JNDI object with name [hibernate.hbm2ddl.auto]
2015-05-14 15:15:40 DEBUG JndiPropertySource:87 - JNDI lookup for name [hibernate.hbm2ddl.auto] threw NamingException with message: Need to specify class name in environment or system property, or as an applet parameter, or in an application resource file:  java.naming.factory.initial. Returning null.
2015-05-14 15:15:40 DEBUG PropertySourcesPropertyResolver:81 - Searching for key 'hibernate.hbm2ddl.auto' in [systemProperties]
2015-05-14 15:15:40 DEBUG PropertySourcesPropertyResolver:81 - Searching for key 'hibernate.hbm2ddl.auto' in [systemEnvironment]
2015-05-14 15:15:40 DEBUG PropertySourcesPropertyResolver:103 - Could not find key 'hibernate.hbm2ddl.auto' in any property source. Returning [null]
2015-05-14 15:15:40 DEBUG PropertySourcesPropertyResolver:81 - Searching for key 'hibernate.hbm2ddl.auto' in [localProperties]
2015-05-14 15:15:40 DEBUG PropertySourcesPropertyResolver:90 - Found key 'hibernate.hbm2ddl.auto' in [localProperties] with type [String] and value 'update'
2015-05-14 15:15:40 DEBUG PropertySourcesPropertyResolver:81 - Searching for key 'jdbc.driverClassName' in [environmentProperties]
2015-05-14 15:15:40 DEBUG PropertySourcesPropertyResolver:81 - Searching for key 'jdbc.driverClassName' in [servletConfigInitParams]
2015-05-14 15:15:40 DEBUG PropertySourcesPropertyResolver:81 - Searching for key 'jdbc.driverClassName' in [servletContextInitParams]
2015-05-14 15:15:40 DEBUG PropertySourcesPropertyResolver:81 - Searching for key 'jdbc.driverClassName' in [jndiProperties]
2015-05-14 15:15:40 DEBUG JndiTemplate:150 - Looking up JNDI object with name [java:comp/env/jdbc.driverClassName]
2015-05-14 15:15:40 DEBUG JndiLocatorDelegate:101 - Converted JNDI name [java:comp/env/jdbc.driverClassName] not found - trying original name [jdbc.driverClassName]. javax.naming.NoInitialContextException: Need to specify class name in environment or system property, or as an applet parameter, or in an application resource file:  java.naming.factory.initial
2015-05-14 15:15:40 DEBUG JndiTemplate:150 - Looking up JNDI object with name [jdbc.driverClassName]
2015-05-14 15:15:40 DEBUG JndiPropertySource:87 - JNDI lookup for name [jdbc.driverClassName] threw NamingException with message: Need to specify class name in environment or system property, or as an applet parameter, or in an application resource file:  java.naming.factory.initial. Returning null.
2015-05-14 15:15:40 DEBUG PropertySourcesPropertyResolver:81 - Searching for key 'jdbc.driverClassName' in [systemProperties]
2015-05-14 15:15:40 DEBUG PropertySourcesPropertyResolver:81 - Searching for key 'jdbc.driverClassName' in [systemEnvironment]
2015-05-14 15:15:40 DEBUG PropertySourcesPropertyResolver:103 - Could not find key 'jdbc.driverClassName' in any property source. Returning [null]
2015-05-14 15:15:40 DEBUG PropertySourcesPropertyResolver:81 - Searching for key 'jdbc.driverClassName' in [localProperties]
2015-05-14 15:15:40 DEBUG PropertySourcesPropertyResolver:90 - Found key 'jdbc.driverClassName' in [localProperties] with type [String] and value 'com.mysql.jdbc.Driver'
2015-05-14 15:15:40 DEBUG PropertySourcesPropertyResolver:81 - Searching for key 'jdbc.url' in [environmentProperties]
2015-05-14 15:15:40 DEBUG PropertySourcesPropertyResolver:81 - Searching for key 'jdbc.url' in [servletConfigInitParams]
2015-05-14 15:15:40 DEBUG PropertySourcesPropertyResolver:81 - Searching for key 'jdbc.url' in [servletContextInitParams]
2015-05-14 15:15:40 DEBUG PropertySourcesPropertyResolver:81 - Searching for key 'jdbc.url' in [jndiProperties]
2015-05-14 15:15:40 DEBUG JndiTemplate:150 - Looking up JNDI object with name [java:comp/env/jdbc.url]
2015-05-14 15:15:40 DEBUG JndiLocatorDelegate:101 - Converted JNDI name [java:comp/env/jdbc.url] not found - trying original name [jdbc.url]. javax.naming.NoInitialContextException: Need to specify class name in environment or system property, or as an applet parameter, or in an application resource file:  java.naming.factory.initial
2015-05-14 15:15:40 DEBUG JndiTemplate:150 - Looking up JNDI object with name [jdbc.url]
2015-05-14 15:15:40 DEBUG JndiPropertySource:87 - JNDI lookup for name [jdbc.url] threw NamingException with message: Need to specify class name in environment or system property, or as an applet parameter, or in an application resource file:  java.naming.factory.initial. Returning null.
2015-05-14 15:15:40 DEBUG PropertySourcesPropertyResolver:81 - Searching for key 'jdbc.url' in [systemProperties]
2015-05-14 15:15:40 DEBUG PropertySourcesPropertyResolver:81 - Searching for key 'jdbc.url' in [systemEnvironment]
2015-05-14 15:15:40 DEBUG PropertySourcesPropertyResolver:103 - Could not find key 'jdbc.url' in any property source. Returning [null]
2015-05-14 15:15:40 DEBUG PropertySourcesPropertyResolver:81 - Searching for key 'jdbc.url' in [localProperties]
2015-05-14 15:15:40 DEBUG PropertySourcesPropertyResolver:90 - Found key 'jdbc.url' in [localProperties] with type [String] and value 'jdbc:mysql://localhost:3306/Easy_Rent'
2015-05-14 15:15:40 DEBUG PropertySourcesPropertyResolver:81 - Searching for key 'jdbc.user' in [environmentProperties]
2015-05-14 15:15:40 DEBUG PropertySourcesPropertyResolver:81 - Searching for key 'jdbc.user' in [servletConfigInitParams]
2015-05-14 15:15:40 DEBUG PropertySourcesPropertyResolver:81 - Searching for key 'jdbc.user' in [servletContextInitParams]
2015-05-14 15:15:40 DEBUG PropertySourcesPropertyResolver:81 - Searching for key 'jdbc.user' in [jndiProperties]
2015-05-14 15:15:40 DEBUG JndiTemplate:150 - Looking up JNDI object with name [java:comp/env/jdbc.user]
2015-05-14 15:15:40 DEBUG JndiLocatorDelegate:101 - Converted JNDI name [java:comp/env/jdbc.user] not found - trying original name [jdbc.user]. javax.naming.NoInitialContextException: Need to specify class name in environment or system property, or as an applet parameter, or in an application resource file:  java.naming.factory.initial
2015-05-14 15:15:40 DEBUG JndiTemplate:150 - Looking up JNDI object with name [jdbc.user]
2015-05-14 15:15:40 DEBUG JndiPropertySource:87 - JNDI lookup for name [jdbc.user] threw NamingException with message: Need to specify class name in environment or system property, or as an applet parameter, or in an application resource file:  java.naming.factory.initial. Returning null.
2015-05-14 15:15:40 DEBUG PropertySourcesPropertyResolver:81 - Searching for key 'jdbc.user' in [systemProperties]
2015-05-14 15:15:40 DEBUG PropertySourcesPropertyResolver:81 - Searching for key 'jdbc.user' in [systemEnvironment]
2015-05-14 15:15:40 DEBUG PropertySourcesPropertyResolver:103 - Could not find key 'jdbc.user' in any property source. Returning [null]
2015-05-14 15:15:40 DEBUG PropertySourcesPropertyResolver:81 - Searching for key 'jdbc.user' in [localProperties]
2015-05-14 15:15:40 DEBUG PropertySourcesPropertyResolver:90 - Found key 'jdbc.user' in [localProperties] with type [String] and value 'root'
2015-05-14 15:15:40 DEBUG PropertySourcesPropertyResolver:81 - Searching for key 'jdbc.pass' in [environmentProperties]
2015-05-14 15:15:40 DEBUG PropertySourcesPropertyResolver:81 - Searching for key 'jdbc.pass' in [servletConfigInitParams]
2015-05-14 15:15:40 DEBUG PropertySourcesPropertyResolver:81 - Searching for key 'jdbc.pass' in [servletContextInitParams]
2015-05-14 15:15:40 DEBUG PropertySourcesPropertyResolver:81 - Searching for key 'jdbc.pass' in [jndiProperties]
2015-05-14 15:15:40 DEBUG JndiTemplate:150 - Looking up JNDI object with name [java:comp/env/jdbc.pass]
2015-05-14 15:15:40 DEBUG JndiLocatorDelegate:101 - Converted JNDI name [java:comp/env/jdbc.pass] not found - trying original name [jdbc.pass]. javax.naming.NoInitialContextException: Need to specify class name in environment or system property, or as an applet parameter, or in an application resource file:  java.naming.factory.initial
2015-05-14 15:15:40 DEBUG JndiTemplate:150 - Looking up JNDI object with name [jdbc.pass]
2015-05-14 15:15:40 DEBUG JndiPropertySource:87 - JNDI lookup for name [jdbc.pass] threw NamingException with message: Need to specify class name in environment or system property, or as an applet parameter, or in an application resource file:  java.naming.factory.initial. Returning null.
2015-05-14 15:15:40 DEBUG PropertySourcesPropertyResolver:81 - Searching for key 'jdbc.pass' in [systemProperties]
2015-05-14 15:15:40 DEBUG PropertySourcesPropertyResolver:81 - Searching for key 'jdbc.pass' in [systemEnvironment]
2015-05-14 15:15:40 DEBUG PropertySourcesPropertyResolver:103 - Could not find key 'jdbc.pass' in any property source. Returning [null]
2015-05-14 15:15:40 DEBUG PropertySourcesPropertyResolver:81 - Searching for key 'jdbc.pass' in [localProperties]
2015-05-14 15:15:40 DEBUG PropertySourcesPropertyResolver:90 - Found key 'jdbc.pass' in [localProperties] with type [String] and value ''
2015-05-14 15:15:40 DEBUG PropertySourcesPropertyResolver:81 - Searching for key 'jdbc.acquireIncrement' in [environmentProperties]
2015-05-14 15:15:40 DEBUG PropertySourcesPropertyResolver:81 - Searching for key 'jdbc.acquireIncrement' in [servletConfigInitParams]
2015-05-14 15:15:40 DEBUG PropertySourcesPropertyResolver:81 - Searching for key 'jdbc.acquireIncrement' in [servletContextInitParams]
2015-05-14 15:15:40 DEBUG PropertySourcesPropertyResolver:81 - Searching for key 'jdbc.acquireIncrement' in [jndiProperties]
2015-05-14 15:15:40 DEBUG JndiTemplate:150 - Looking up JNDI object with name [java:comp/env/jdbc.acquireIncrement]
2015-05-14 15:15:40 DEBUG JndiLocatorDelegate:101 - Converted JNDI name [java:comp/env/jdbc.acquireIncrement] not found - trying original name [jdbc.acquireIncrement]. javax.naming.NoInitialContextException: Need to specify class name in environment or system property, or as an applet parameter, or in an application resource file:  java.naming.factory.initial
2015-05-14 15:15:40 DEBUG JndiTemplate:150 - Looking up JNDI object with name [jdbc.acquireIncrement]
2015-05-14 15:15:40 DEBUG JndiPropertySource:87 - JNDI lookup for name [jdbc.acquireIncrement] threw NamingException with message: Need to specify class name in environment or system property, or as an applet parameter, or in an application resource file:  java.naming.factory.initial. Returning null.
2015-05-14 15:15:40 DEBUG PropertySourcesPropertyResolver:81 - Searching for key 'jdbc.acquireIncrement' in [systemProperties]
2015-05-14 15:15:40 DEBUG PropertySourcesPropertyResolver:81 - Searching for key 'jdbc.acquireIncrement' in [systemEnvironment]
2015-05-14 15:15:40 DEBUG PropertySourcesPropertyResolver:103 - Could not find key 'jdbc.acquireIncrement' in any property source. Returning [null]
2015-05-14 15:15:40 DEBUG PropertySourcesPropertyResolver:81 - Searching for key 'jdbc.acquireIncrement' in [localProperties]
2015-05-14 15:15:40 DEBUG PropertySourcesPropertyResolver:90 - Found key 'jdbc.acquireIncrement' in [localProperties] with type [String] and value '5'
2015-05-14 15:15:40 DEBUG PropertySourcesPropertyResolver:81 - Searching for key 'jdbc.maxPoolSize' in [environmentProperties]
2015-05-14 15:15:40 DEBUG PropertySourcesPropertyResolver:81 - Searching for key 'jdbc.maxPoolSize' in [servletConfigInitParams]
2015-05-14 15:15:40 DEBUG PropertySourcesPropertyResolver:81 - Searching for key 'jdbc.maxPoolSize' in [servletContextInitParams]
2015-05-14 15:15:40 DEBUG PropertySourcesPropertyResolver:81 - Searching for key 'jdbc.maxPoolSize' in [jndiProperties]
2015-05-14 15:15:40 DEBUG JndiTemplate:150 - Looking up JNDI object with name [java:comp/env/jdbc.maxPoolSize]
2015-05-14 15:15:40 DEBUG JndiLocatorDelegate:101 - Converted JNDI name [java:comp/env/jdbc.maxPoolSize] not found - trying original name [jdbc.maxPoolSize]. javax.naming.NoInitialContextException: Need to specify class name in environment or system property, or as an applet parameter, or in an application resource file:  java.naming.factory.initial
2015-05-14 15:15:40 DEBUG JndiTemplate:150 - Looking up JNDI object with name [jdbc.maxPoolSize]
2015-05-14 15:15:40 DEBUG JndiPropertySource:87 - JNDI lookup for name [jdbc.maxPoolSize] threw NamingException with message: Need to specify class name in environment or system property, or as an applet parameter, or in an application resource file:  java.naming.factory.initial. Returning null.
2015-05-14 15:15:40 DEBUG PropertySourcesPropertyResolver:81 - Searching for key 'jdbc.maxPoolSize' in [systemProperties]
2015-05-14 15:15:40 DEBUG PropertySourcesPropertyResolver:81 - Searching for key 'jdbc.maxPoolSize' in [systemEnvironment]
2015-05-14 15:15:40 DEBUG PropertySourcesPropertyResolver:103 - Could not find key 'jdbc.maxPoolSize' in any property source. Returning [null]
2015-05-14 15:15:40 DEBUG PropertySourcesPropertyResolver:81 - Searching for key 'jdbc.maxPoolSize' in [localProperties]
2015-05-14 15:15:40 DEBUG PropertySourcesPropertyResolver:90 - Found key 'jdbc.maxPoolSize' in [localProperties] with type [String] and value '50'
2015-05-14 15:15:40 DEBUG PropertySourcesPropertyResolver:81 - Searching for key 'jdbc.minPoolSize' in [environmentProperties]
2015-05-14 15:15:40 DEBUG PropertySourcesPropertyResolver:81 - Searching for key 'jdbc.minPoolSize' in [servletConfigInitParams]
2015-05-14 15:15:40 DEBUG PropertySourcesPropertyResolver:81 - Searching for key 'jdbc.minPoolSize' in [servletContextInitParams]
2015-05-14 15:15:40 DEBUG PropertySourcesPropertyResolver:81 - Searching for key 'jdbc.minPoolSize' in [jndiProperties]
2015-05-14 15:15:40 DEBUG JndiTemplate:150 - Looking up JNDI object with name [java:comp/env/jdbc.minPoolSize]
2015-05-14 15:15:40 DEBUG JndiLocatorDelegate:101 - Converted JNDI name [java:comp/env/jdbc.minPoolSize] not found - trying original name [jdbc.minPoolSize]. javax.naming.NoInitialContextException: Need to specify class name in environment or system property, or as an applet parameter, or in an application resource file:  java.naming.factory.initial
2015-05-14 15:15:40 DEBUG JndiTemplate:150 - Looking up JNDI object with name [jdbc.minPoolSize]
2015-05-14 15:15:40 DEBUG JndiPropertySource:87 - JNDI lookup for name [jdbc.minPoolSize] threw NamingException with message: Need to specify class name in environment or system property, or as an applet parameter, or in an application resource file:  java.naming.factory.initial. Returning null.
2015-05-14 15:15:40 DEBUG PropertySourcesPropertyResolver:81 - Searching for key 'jdbc.minPoolSize' in [systemProperties]
2015-05-14 15:15:40 DEBUG PropertySourcesPropertyResolver:81 - Searching for key 'jdbc.minPoolSize' in [systemEnvironment]
2015-05-14 15:15:40 DEBUG PropertySourcesPropertyResolver:103 - Could not find key 'jdbc.minPoolSize' in any property source. Returning [null]
2015-05-14 15:15:40 DEBUG PropertySourcesPropertyResolver:81 - Searching for key 'jdbc.minPoolSize' in [localProperties]
2015-05-14 15:15:40 DEBUG PropertySourcesPropertyResolver:90 - Found key 'jdbc.minPoolSize' in [localProperties] with type [String] and value '20'
2015-05-14 15:15:40 DEBUG PropertySourcesPropertyResolver:81 - Searching for key 'jdbc.maxStatements' in [environmentProperties]
2015-05-14 15:15:40 DEBUG PropertySourcesPropertyResolver:81 - Searching for key 'jdbc.maxStatements' in [servletConfigInitParams]
2015-05-14 15:15:40 DEBUG PropertySourcesPropertyResolver:81 - Searching for key 'jdbc.maxStatements' in [servletContextInitParams]
2015-05-14 15:15:40 DEBUG PropertySourcesPropertyResolver:81 - Searching for key 'jdbc.maxStatements' in [jndiProperties]
2015-05-14 15:15:40 DEBUG JndiTemplate:150 - Looking up JNDI object with name [java:comp/env/jdbc.maxStatements]
2015-05-14 15:15:40 DEBUG JndiLocatorDelegate:101 - Converted JNDI name [java:comp/env/jdbc.maxStatements] not found - trying original name [jdbc.maxStatements]. javax.naming.NoInitialContextException: Need to specify class name in environment or system property, or as an applet parameter, or in an application resource file:  java.naming.factory.initial
2015-05-14 15:15:40 DEBUG JndiTemplate:150 - Looking up JNDI object with name [jdbc.maxStatements]
2015-05-14 15:15:40 DEBUG JndiPropertySource:87 - JNDI lookup for name [jdbc.maxStatements] threw NamingException with message: Need to specify class name in environment or system property, or as an applet parameter, or in an application resource file:  java.naming.factory.initial. Returning null.
2015-05-14 15:15:40 DEBUG PropertySourcesPropertyResolver:81 - Searching for key 'jdbc.maxStatements' in [systemProperties]
2015-05-14 15:15:40 DEBUG PropertySourcesPropertyResolver:81 - Searching for key 'jdbc.maxStatements' in [systemEnvironment]
2015-05-14 15:15:40 DEBUG PropertySourcesPropertyResolver:103 - Could not find key 'jdbc.maxStatements' in any property source. Returning [null]
2015-05-14 15:15:40 DEBUG PropertySourcesPropertyResolver:81 - Searching for key 'jdbc.maxStatements' in [localProperties]
2015-05-14 15:15:40 DEBUG PropertySourcesPropertyResolver:90 - Found key 'jdbc.maxStatements' in [localProperties] with type [String] and value '100'
2015-05-14 15:15:40 DEBUG PropertySourcesPropertyResolver:81 - Searching for key 'jdbc.idleConnectionTestPeriod' in [environmentProperties]
2015-05-14 15:15:40 DEBUG PropertySourcesPropertyResolver:81 - Searching for key 'jdbc.idleConnectionTestPeriod' in [servletConfigInitParams]
2015-05-14 15:15:40 DEBUG PropertySourcesPropertyResolver:81 - Searching for key 'jdbc.idleConnectionTestPeriod' in [servletContextInitParams]
2015-05-14 15:15:40 DEBUG PropertySourcesPropertyResolver:81 - Searching for key 'jdbc.idleConnectionTestPeriod' in [jndiProperties]
2015-05-14 15:15:40 DEBUG JndiTemplate:150 - Looking up JNDI object with name [java:comp/env/jdbc.idleConnectionTestPeriod]
2015-05-14 15:15:40 DEBUG JndiLocatorDelegate:101 - Converted JNDI name [java:comp/env/jdbc.idleConnectionTestPeriod] not found - trying original name [jdbc.idleConnectionTestPeriod]. javax.naming.NoInitialContextException: Need to specify class name in environment or system property, or as an applet parameter, or in an application resource file:  java.naming.factory.initial
2015-05-14 15:15:40 DEBUG JndiTemplate:150 - Looking up JNDI object with name [jdbc.idleConnectionTestPeriod]
2015-05-14 15:15:40 DEBUG JndiPropertySource:87 - JNDI lookup for name [jdbc.idleConnectionTestPeriod] threw NamingException with message: Need to specify class name in environment or system property, or as an applet parameter, or in an application resource file:  java.naming.factory.initial. Returning null.
2015-05-14 15:15:40 DEBUG PropertySourcesPropertyResolver:81 - Searching for key 'jdbc.idleConnectionTestPeriod' in [systemProperties]
2015-05-14 15:15:40 DEBUG PropertySourcesPropertyResolver:81 - Searching for key 'jdbc.idleConnectionTestPeriod' in [systemEnvironment]
2015-05-14 15:15:40 DEBUG PropertySourcesPropertyResolver:103 - Could not find key 'jdbc.idleConnectionTestPeriod' in any property source. Returning [null]
2015-05-14 15:15:40 DEBUG PropertySourcesPropertyResolver:81 - Searching for key 'jdbc.idleConnectionTestPeriod' in [localProperties]
2015-05-14 15:15:40 DEBUG PropertySourcesPropertyResolver:90 - Found key 'jdbc.idleConnectionTestPeriod' in [localProperties] with type [String] and value '3600'
2015-05-14 15:15:40 DEBUG PropertySourcesPropertyResolver:81 - Searching for key 'jdbc.acquireRetryAttempts' in [environmentProperties]
2015-05-14 15:15:40 DEBUG PropertySourcesPropertyResolver:81 - Searching for key 'jdbc.acquireRetryAttempts' in [servletConfigInitParams]
2015-05-14 15:15:40 DEBUG PropertySourcesPropertyResolver:81 - Searching for key 'jdbc.acquireRetryAttempts' in [servletContextInitParams]
2015-05-14 15:15:40 DEBUG PropertySourcesPropertyResolver:81 - Searching for key 'jdbc.acquireRetryAttempts' in [jndiProperties]
2015-05-14 15:15:40 DEBUG JndiTemplate:150 - Looking up JNDI object with name [java:comp/env/jdbc.acquireRetryAttempts]
2015-05-14 15:15:40 DEBUG JndiLocatorDelegate:101 - Converted JNDI name [java:comp/env/jdbc.acquireRetryAttempts] not found - trying original name [jdbc.acquireRetryAttempts]. javax.naming.NoInitialContextException: Need to specify class name in environment or system property, or as an applet parameter, or in an application resource file:  java.naming.factory.initial
2015-05-14 15:15:40 DEBUG JndiTemplate:150 - Looking up JNDI object with name [jdbc.acquireRetryAttempts]
2015-05-14 15:15:40 DEBUG JndiPropertySource:87 - JNDI lookup for name [jdbc.acquireRetryAttempts] threw NamingException with message: Need to specify class name in environment or system property, or as an applet parameter, or in an application resource file:  java.naming.factory.initial. Returning null.
2015-05-14 15:15:40 DEBUG PropertySourcesPropertyResolver:81 - Searching for key 'jdbc.acquireRetryAttempts' in [systemProperties]
2015-05-14 15:15:40 DEBUG PropertySourcesPropertyResolver:81 - Searching for key 'jdbc.acquireRetryAttempts' in [systemEnvironment]
2015-05-14 15:15:40 DEBUG PropertySourcesPropertyResolver:103 - Could not find key 'jdbc.acquireRetryAttempts' in any property source. Returning [null]
2015-05-14 15:15:40 DEBUG PropertySourcesPropertyResolver:81 - Searching for key 'jdbc.acquireRetryAttempts' in [localProperties]
2015-05-14 15:15:40 DEBUG PropertySourcesPropertyResolver:90 - Found key 'jdbc.acquireRetryAttempts' in [localProperties] with type [String] and value '10'
2015-05-14 15:15:40 DEBUG PropertySourcesPropertyResolver:81 - Searching for key 'jdbc.acquireRetryDelay' in [environmentProperties]
2015-05-14 15:15:40 DEBUG PropertySourcesPropertyResolver:81 - Searching for key 'jdbc.acquireRetryDelay' in [servletConfigInitParams]
2015-05-14 15:15:40 DEBUG PropertySourcesPropertyResolver:81 - Searching for key 'jdbc.acquireRetryDelay' in [servletContextInitParams]
2015-05-14 15:15:40 DEBUG PropertySourcesPropertyResolver:81 - Searching for key 'jdbc.acquireRetryDelay' in [jndiProperties]
2015-05-14 15:15:40 DEBUG JndiTemplate:150 - Looking up JNDI object with name [java:comp/env/jdbc.acquireRetryDelay]
2015-05-14 15:15:40 DEBUG JndiLocatorDelegate:101 - Converted JNDI name [java:comp/env/jdbc.acquireRetryDelay] not found - trying original name [jdbc.acquireRetryDelay]. javax.naming.NoInitialContextException: Need to specify class name in environment or system property, or as an applet parameter, or in an application resource file:  java.naming.factory.initial
2015-05-14 15:15:40 DEBUG JndiTemplate:150 - Looking up JNDI object with name [jdbc.acquireRetryDelay]
2015-05-14 15:15:40 DEBUG JndiPropertySource:87 - JNDI lookup for name [jdbc.acquireRetryDelay] threw NamingException with message: Need to specify class name in environment or system property, or as an applet parameter, or in an application resource file:  java.naming.factory.initial. Returning null.
2015-05-14 15:15:40 DEBUG PropertySourcesPropertyResolver:81 - Searching for key 'jdbc.acquireRetryDelay' in [systemProperties]
2015-05-14 15:15:40 DEBUG PropertySourcesPropertyResolver:81 - Searching for key 'jdbc.acquireRetryDelay' in [systemEnvironment]
2015-05-14 15:15:40 DEBUG PropertySourcesPropertyResolver:103 - Could not find key 'jdbc.acquireRetryDelay' in any property source. Returning [null]
2015-05-14 15:15:40 DEBUG PropertySourcesPropertyResolver:81 - Searching for key 'jdbc.acquireRetryDelay' in [localProperties]
2015-05-14 15:15:40 DEBUG PropertySourcesPropertyResolver:90 - Found key 'jdbc.acquireRetryDelay' in [localProperties] with type [String] and value '7000'
2015-05-14 15:15:40 DEBUG PropertySourcesPropertyResolver:81 - Searching for key 'jdbc.checkoutTimeout' in [environmentProperties]
2015-05-14 15:15:40 DEBUG PropertySourcesPropertyResolver:81 - Searching for key 'jdbc.checkoutTimeout' in [servletConfigInitParams]
2015-05-14 15:15:40 DEBUG PropertySourcesPropertyResolver:81 - Searching for key 'jdbc.checkoutTimeout' in [servletContextInitParams]
2015-05-14 15:15:40 DEBUG PropertySourcesPropertyResolver:81 - Searching for key 'jdbc.checkoutTimeout' in [jndiProperties]
2015-05-14 15:15:40 DEBUG JndiTemplate:150 - Looking up JNDI object with name [java:comp/env/jdbc.checkoutTimeout]
2015-05-14 15:15:40 DEBUG JndiLocatorDelegate:101 - Converted JNDI name [java:comp/env/jdbc.checkoutTimeout] not found - trying original name [jdbc.checkoutTimeout]. javax.naming.NoInitialContextException: Need to specify class name in environment or system property, or as an applet parameter, or in an application resource file:  java.naming.factory.initial
2015-05-14 15:15:40 DEBUG JndiTemplate:150 - Looking up JNDI object with name [jdbc.checkoutTimeout]
2015-05-14 15:15:40 DEBUG JndiPropertySource:87 - JNDI lookup for name [jdbc.checkoutTimeout] threw NamingException with message: Need to specify class name in environment or system property, or as an applet parameter, or in an application resource file:  java.naming.factory.initial. Returning null.
2015-05-14 15:15:40 DEBUG PropertySourcesPropertyResolver:81 - Searching for key 'jdbc.checkoutTimeout' in [systemProperties]
2015-05-14 15:15:40 DEBUG PropertySourcesPropertyResolver:81 - Searching for key 'jdbc.checkoutTimeout' in [systemEnvironment]
2015-05-14 15:15:40 DEBUG PropertySourcesPropertyResolver:103 - Could not find key 'jdbc.checkoutTimeout' in any property source. Returning [null]
2015-05-14 15:15:40 DEBUG PropertySourcesPropertyResolver:81 - Searching for key 'jdbc.checkoutTimeout' in [localProperties]
2015-05-14 15:15:40 DEBUG PropertySourcesPropertyResolver:90 - Found key 'jdbc.checkoutTimeout' in [localProperties] with type [String] and value '120000'
2015-05-14 15:15:40 DEBUG PropertySourcesPropertyResolver:81 - Searching for key 'jdbc.unreturnedConnectionTimeout' in [environmentProperties]
2015-05-14 15:15:40 DEBUG PropertySourcesPropertyResolver:81 - Searching for key 'jdbc.unreturnedConnectionTimeout' in [servletConfigInitParams]
2015-05-14 15:15:40 DEBUG PropertySourcesPropertyResolver:81 - Searching for key 'jdbc.unreturnedConnectionTimeout' in [servletContextInitParams]
2015-05-14 15:15:40 DEBUG PropertySourcesPropertyResolver:81 - Searching for key 'jdbc.unreturnedConnectionTimeout' in [jndiProperties]
2015-05-14 15:15:40 DEBUG JndiTemplate:150 - Looking up JNDI object with name [java:comp/env/jdbc.unreturnedConnectionTimeout]
2015-05-14 15:15:40 DEBUG JndiLocatorDelegate:101 - Converted JNDI name [java:comp/env/jdbc.unreturnedConnectionTimeout] not found - trying original name [jdbc.unreturnedConnectionTimeout]. javax.naming.NoInitialContextException: Need to specify class name in environment or system property, or as an applet parameter, or in an application resource file:  java.naming.factory.initial
2015-05-14 15:15:40 DEBUG JndiTemplate:150 - Looking up JNDI object with name [jdbc.unreturnedConnectionTimeout]
2015-05-14 15:15:40 DEBUG JndiPropertySource:87 - JNDI lookup for name [jdbc.unreturnedConnectionTimeout] threw NamingException with message: Need to specify class name in environment or system property, or as an applet parameter, or in an application resource file:  java.naming.factory.initial. Returning null.
2015-05-14 15:15:40 DEBUG PropertySourcesPropertyResolver:81 - Searching for key 'jdbc.unreturnedConnectionTimeout' in [systemProperties]
2015-05-14 15:15:40 DEBUG PropertySourcesPropertyResolver:81 - Searching for key 'jdbc.unreturnedConnectionTimeout' in [systemEnvironment]
2015-05-14 15:15:40 DEBUG PropertySourcesPropertyResolver:103 - Could not find key 'jdbc.unreturnedConnectionTimeout' in any property source. Returning [null]
2015-05-14 15:15:40 DEBUG PropertySourcesPropertyResolver:81 - Searching for key 'jdbc.unreturnedConnectionTimeout' in [localProperties]
2015-05-14 15:15:40 DEBUG PropertySourcesPropertyResolver:90 - Found key 'jdbc.unreturnedConnectionTimeout' in [localProperties] with type [String] and value '3600'
2015-05-14 15:15:40 DEBUG PropertySourcesPropertyResolver:81 - Searching for key 'jdbc.testConnectionOnCheckout' in [environmentProperties]
2015-05-14 15:15:40 DEBUG PropertySourcesPropertyResolver:81 - Searching for key 'jdbc.testConnectionOnCheckout' in [servletConfigInitParams]
2015-05-14 15:15:40 DEBUG PropertySourcesPropertyResolver:81 - Searching for key 'jdbc.testConnectionOnCheckout' in [servletContextInitParams]
2015-05-14 15:15:40 DEBUG PropertySourcesPropertyResolver:81 - Searching for key 'jdbc.testConnectionOnCheckout' in [jndiProperties]
2015-05-14 15:15:40 DEBUG JndiTemplate:150 - Looking up JNDI object with name [java:comp/env/jdbc.testConnectionOnCheckout]
2015-05-14 15:15:40 DEBUG JndiLocatorDelegate:101 - Converted JNDI name [java:comp/env/jdbc.testConnectionOnCheckout] not found - trying original name [jdbc.testConnectionOnCheckout]. javax.naming.NoInitialContextException: Need to specify class name in environment or system property, or as an applet parameter, or in an application resource file:  java.naming.factory.initial
2015-05-14 15:15:40 DEBUG JndiTemplate:150 - Looking up JNDI object with name [jdbc.testConnectionOnCheckout]
2015-05-14 15:15:40 DEBUG JndiPropertySource:87 - JNDI lookup for name [jdbc.testConnectionOnCheckout] threw NamingException with message: Need to specify class name in environment or system property, or as an applet parameter, or in an application resource file:  java.naming.factory.initial. Returning null.
2015-05-14 15:15:40 DEBUG PropertySourcesPropertyResolver:81 - Searching for key 'jdbc.testConnectionOnCheckout' in [systemProperties]
2015-05-14 15:15:40 DEBUG PropertySourcesPropertyResolver:81 - Searching for key 'jdbc.testConnectionOnCheckout' in [systemEnvironment]
2015-05-14 15:15:40 DEBUG PropertySourcesPropertyResolver:103 - Could not find key 'jdbc.testConnectionOnCheckout' in any property source. Returning [null]
2015-05-14 15:15:40 DEBUG PropertySourcesPropertyResolver:81 - Searching for key 'jdbc.testConnectionOnCheckout' in [localProperties]
2015-05-14 15:15:40 DEBUG PropertySourcesPropertyResolver:90 - Found key 'jdbc.testConnectionOnCheckout' in [localProperties] with type [String] and value 'true'
2015-05-14 15:15:40 DEBUG PropertySourcesPropertyResolver:81 - Searching for key 'jdbc.maxIdleTime' in [environmentProperties]
2015-05-14 15:15:40 DEBUG PropertySourcesPropertyResolver:81 - Searching for key 'jdbc.maxIdleTime' in [servletConfigInitParams]
2015-05-14 15:15:40 DEBUG PropertySourcesPropertyResolver:81 - Searching for key 'jdbc.maxIdleTime' in [servletContextInitParams]
2015-05-14 15:15:40 DEBUG PropertySourcesPropertyResolver:81 - Searching for key 'jdbc.maxIdleTime' in [jndiProperties]
2015-05-14 15:15:40 DEBUG JndiTemplate:150 - Looking up JNDI object with name [java:comp/env/jdbc.maxIdleTime]
2015-05-14 15:15:40 DEBUG JndiLocatorDelegate:101 - Converted JNDI name [java:comp/env/jdbc.maxIdleTime] not found - trying original name [jdbc.maxIdleTime]. javax.naming.NoInitialContextException: Need to specify class name in environment or system property, or as an applet parameter, or in an application resource file:  java.naming.factory.initial
2015-05-14 15:15:40 DEBUG JndiTemplate:150 - Looking up JNDI object with name [jdbc.maxIdleTime]
2015-05-14 15:15:40 DEBUG JndiPropertySource:87 - JNDI lookup for name [jdbc.maxIdleTime] threw NamingException with message: Need to specify class name in environment or system property, or as an applet parameter, or in an application resource file:  java.naming.factory.initial. Returning null.
2015-05-14 15:15:40 DEBUG PropertySourcesPropertyResolver:81 - Searching for key 'jdbc.maxIdleTime' in [systemProperties]
2015-05-14 15:15:40 DEBUG PropertySourcesPropertyResolver:81 - Searching for key 'jdbc.maxIdleTime' in [systemEnvironment]
2015-05-14 15:15:40 DEBUG PropertySourcesPropertyResolver:103 - Could not find key 'jdbc.maxIdleTime' in any property source. Returning [null]
2015-05-14 15:15:40 DEBUG PropertySourcesPropertyResolver:81 - Searching for key 'jdbc.maxIdleTime' in [localProperties]
2015-05-14 15:15:40 DEBUG PropertySourcesPropertyResolver:90 - Found key 'jdbc.maxIdleTime' in [localProperties] with type [String] and value '3600'
2015-05-14 15:15:40 DEBUG PropertySourcesPropertyResolver:81 - Searching for key 'jdbc.maxIdleTimeExcessConnections' in [environmentProperties]
2015-05-14 15:15:40 DEBUG PropertySourcesPropertyResolver:81 - Searching for key 'jdbc.maxIdleTimeExcessConnections' in [servletConfigInitParams]
2015-05-14 15:15:40 DEBUG PropertySourcesPropertyResolver:81 - Searching for key 'jdbc.maxIdleTimeExcessConnections' in [servletContextInitParams]
2015-05-14 15:15:40 DEBUG PropertySourcesPropertyResolver:81 - Searching for key 'jdbc.maxIdleTimeExcessConnections' in [jndiProperties]
2015-05-14 15:15:40 DEBUG JndiTemplate:150 - Looking up JNDI object with name [java:comp/env/jdbc.maxIdleTimeExcessConnections]
2015-05-14 15:15:40 DEBUG JndiLocatorDelegate:101 - Converted JNDI name [java:comp/env/jdbc.maxIdleTimeExcessConnections] not found - trying original name [jdbc.maxIdleTimeExcessConnections]. javax.naming.NoInitialContextException: Need to specify class name in environment or system property, or as an applet parameter, or in an application resource file:  java.naming.factory.initial
2015-05-14 15:15:40 DEBUG JndiTemplate:150 - Looking up JNDI object with name [jdbc.maxIdleTimeExcessConnections]
2015-05-14 15:15:40 DEBUG JndiPropertySource:87 - JNDI lookup for name [jdbc.maxIdleTimeExcessConnections] threw NamingException with message: Need to specify class name in environment or system property, or as an applet parameter, or in an application resource file:  java.naming.factory.initial. Returning null.
2015-05-14 15:15:40 DEBUG PropertySourcesPropertyResolver:81 - Searching for key 'jdbc.maxIdleTimeExcessConnections' in [systemProperties]
2015-05-14 15:15:40 DEBUG PropertySourcesPropertyResolver:81 - Searching for key 'jdbc.maxIdleTimeExcessConnections' in [systemEnvironment]
2015-05-14 15:15:40 DEBUG PropertySourcesPropertyResolver:103 - Could not find key 'jdbc.maxIdleTimeExcessConnections' in any property source. Returning [null]
2015-05-14 15:15:40 DEBUG PropertySourcesPropertyResolver:81 - Searching for key 'jdbc.maxIdleTimeExcessConnections' in [localProperties]
2015-05-14 15:15:40 DEBUG PropertySourcesPropertyResolver:90 - Found key 'jdbc.maxIdleTimeExcessConnections' in [localProperties] with type [String] and value '300'
2015-05-14 15:15:40 DEBUG PropertySourcesPropertyResolver:81 - Searching for key 'jdbc.numHelperThreads' in [environmentProperties]
2015-05-14 15:15:40 DEBUG PropertySourcesPropertyResolver:81 - Searching for key 'jdbc.numHelperThreads' in [servletConfigInitParams]
2015-05-14 15:15:40 DEBUG PropertySourcesPropertyResolver:81 - Searching for key 'jdbc.numHelperThreads' in [servletContextInitParams]
2015-05-14 15:15:40 DEBUG PropertySourcesPropertyResolver:81 - Searching for key 'jdbc.numHelperThreads' in [jndiProperties]
2015-05-14 15:15:40 DEBUG JndiTemplate:150 - Looking up JNDI object with name [java:comp/env/jdbc.numHelperThreads]
2015-05-14 15:15:40 DEBUG JndiLocatorDelegate:101 - Converted JNDI name [java:comp/env/jdbc.numHelperThreads] not found - trying original name [jdbc.numHelperThreads]. javax.naming.NoInitialContextException: Need to specify class name in environment or system property, or as an applet parameter, or in an application resource file:  java.naming.factory.initial
2015-05-14 15:15:40 DEBUG JndiTemplate:150 - Looking up JNDI object with name [jdbc.numHelperThreads]
2015-05-14 15:15:40 DEBUG JndiPropertySource:87 - JNDI lookup for name [jdbc.numHelperThreads] threw NamingException with message: Need to specify class name in environment or system property, or as an applet parameter, or in an application resource file:  java.naming.factory.initial. Returning null.
2015-05-14 15:15:40 DEBUG PropertySourcesPropertyResolver:81 - Searching for key 'jdbc.numHelperThreads' in [systemProperties]
2015-05-14 15:15:40 DEBUG PropertySourcesPropertyResolver:81 - Searching for key 'jdbc.numHelperThreads' in [systemEnvironment]
2015-05-14 15:15:40 DEBUG PropertySourcesPropertyResolver:103 - Could not find key 'jdbc.numHelperThreads' in any property source. Returning [null]
2015-05-14 15:15:40 DEBUG PropertySourcesPropertyResolver:81 - Searching for key 'jdbc.numHelperThreads' in [localProperties]
2015-05-14 15:15:40 DEBUG PropertySourcesPropertyResolver:90 - Found key 'jdbc.numHelperThreads' in [localProperties] with type [String] and value '6'
2015-05-14 15:15:40 DEBUG DefaultListableBeanFactory:220 - Creating shared instance of singleton bean 'org.springframework.context.annotation.internalAutowiredAnnotationProcessor'
2015-05-14 15:15:40 DEBUG DefaultListableBeanFactory:449 - Creating instance of bean 'org.springframework.context.annotation.internalAutowiredAnnotationProcessor'
2015-05-14 15:15:40 DEBUG DefaultListableBeanFactory:523 - Eagerly caching bean 'org.springframework.context.annotation.internalAutowiredAnnotationProcessor' to allow for resolving potential circular references
2015-05-14 15:15:40 DEBUG DefaultListableBeanFactory:477 - Finished creating instance of bean 'org.springframework.context.annotation.internalAutowiredAnnotationProcessor'
2015-05-14 15:15:40 DEBUG DefaultListableBeanFactory:220 - Creating shared instance of singleton bean 'org.springframework.context.annotation.internalRequiredAnnotationProcessor'
[...]
2015-05-14 15:15:43 DEBUG AbstractLoadPlanBasedEntityLoader:208 - Done entity load : com.easyrent.webapp.persistance.entity.User#5
2015-05-14 15:15:43 DEBUG TwoPhaseLoad:286 - Done materializing entity [com.easyrent.webapp.persistance.entity.ResidentialRental#27]
2015-05-14 15:15:43 DEBUG TwoPhaseLoad:160 - Resolving associations for [com.easyrent.webapp.persistance.entity.ResidentialRental#14]
2015-05-14 15:15:43 DEBUG SQL:109 - select user0_.id as id1_6_0_, user0_.created as created2_6_0_, user0_.updated as updated3_6_0_, user0_.version as version4_6_0_, user0_.dob as dob5_6_0_, user0_.email as email6_6_0_, user0_.first_name as first_na7_6_0_, user0_.image as image8_6_0_, user0_.last_name as last_nam9_6_0_, user0_.occupation as occupat10_6_0_, user0_.password as passwor11_6_0_ from user user0_ where user0_.id=?
Hibernate: select user0_.id as id1_6_0_, user0_.created as created2_6_0_, user0_.updated as updated3_6_0_, user0_.version as version4_6_0_, user0_.dob as dob5_6_0_, user0_.email as email6_6_0_, user0_.first_name as first_na7_6_0_, user0_.image as image8_6_0_, user0_.last_name as last_nam9_6_0_, user0_.occupation as occupat10_6_0_, user0_.password as passwor11_6_0_ from user user0_ where user0_.id=?
2015-05-14 15:15:43 DEBUG GooGooStatementCache:179 - com.mchange.v2.c3p0.stmt.GlobalMaxOnlyStatementCache ----> CACHE HIT
2015-05-14 15:15:43 DEBUG GooGooStatementCache:196 - checkoutStatement: com.mchange.v2.c3p0.stmt.GlobalMaxOnlyStatementCache stats -- total size: 5; checked out: 2; num connections: 1; num keys: 5
2015-05-14 15:15:43 DEBUG ResultSetProcessorImpl:127 - Starting ResultSet row #0
2015-05-14 15:15:43 DEBUG EntityReferenceInitializerImpl:142 - On call to EntityIdentifierReaderImpl#resolve, EntityKey was already known; should only happen on root returns with an optional identifier specified
2015-05-14 15:15:43 DEBUG TwoPhaseLoad:160 - Resolving associations for [com.easyrent.webapp.persistance.entity.User#3]
2015-05-14 15:15:43 DEBUG TwoPhaseLoad:286 - Done materializing entity [com.easyrent.webapp.persistance.entity.User#3]
2015-05-14 15:15:43 DEBUG GooGooStatementCache:271 - checkinStatement(): com.mchange.v2.c3p0.stmt.GlobalMaxOnlyStatementCache stats -- total size: 5; checked out: 1; num connections: 1; num keys: 5
2015-05-14 15:15:43 DEBUG AbstractLoadPlanBasedEntityLoader:208 - Done entity load : com.easyrent.webapp.persistance.entity.User#3
2015-05-14 15:15:43 DEBUG TwoPhaseLoad:286 - Done materializing entity [com.easyrent.webapp.persistance.entity.ResidentialRental#14]
2015-05-14 15:15:43 DEBUG TwoPhaseLoad:160 - Resolving associations for [com.easyrent.webapp.persistance.entity.ResidentialRental#1]
2015-05-14 15:15:43 DEBUG SQL:109 - select user0_.id as id1_6_0_, user0_.created as created2_6_0_, user0_.updated as updated3_6_0_, user0_.version as version4_6_0_, user0_.dob as dob5_6_0_, user0_.email as email6_6_0_, user0_.first_name as first_na7_6_0_, user0_.image as image8_6_0_, user0_.last_name as last_nam9_6_0_, user0_.occupation as occupat10_6_0_, user0_.password as passwor11_6_0_ from user user0_ where user0_.id=?
Hibernate: select user0_.id as id1_6_0_, user0_.created as created2_6_0_, user0_.updated as updated3_6_0_, user0_.version as version4_6_0_, user0_.dob as dob5_6_0_, user0_.email as email6_6_0_, user0_.first_name as first_na7_6_0_, user0_.image as image8_6_0_, user0_.last_name as last_nam9_6_0_, user0_.occupation as occupat10_6_0_, user0_.password as passwor11_6_0_ from user user0_ where user0_.id=?
2015-05-14 15:15:43 DEBUG GooGooStatementCache:179 - com.mchange.v2.c3p0.stmt.GlobalMaxOnlyStatementCache ----> CACHE HIT
2015-05-14 15:15:43 DEBUG GooGooStatementCache:196 - checkoutStatement: com.mchange.v2.c3p0.stmt.GlobalMaxOnlyStatementCache stats -- total size: 5; checked out: 2; num connections: 1; num keys: 5
2015-05-14 15:15:43 DEBUG ResultSetProcessorImpl:127 - Starting ResultSet row #0
2015-05-14 15:15:43 DEBUG EntityReferenceInitializerImpl:142 - On call to EntityIdentifierReaderImpl#resolve, EntityKey was already known; should only happen on root returns with an optional identifier specified
2015-05-14 15:15:43 DEBUG TwoPhaseLoad:160 - Resolving associations for [com.easyrent.webapp.persistance.entity.User#1]
2015-05-14 15:15:43 DEBUG TwoPhaseLoad:286 - Done materializing entity [com.easyrent.webapp.persistance.entity.User#1]
2015-05-14 15:15:43 DEBUG GooGooStatementCache:271 - checkinStatement(): com.mchange.v2.c3p0.stmt.GlobalMaxOnlyStatementCache stats -- total size: 5; checked out: 1; num connections: 1; num keys: 5
2015-05-14 15:15:43 DEBUG AbstractLoadPlanBasedEntityLoader:208 - Done entity load : com.easyrent.webapp.persistance.entity.User#1
2015-05-14 15:15:43 DEBUG TwoPhaseLoad:286 - Done materializing entity [com.easyrent.webapp.persistance.entity.ResidentialRental#1]
2015-05-14 15:15:43 DEBUG TwoPhaseLoad:160 - Resolving associations for [com.easyrent.webapp.persistance.entity.ResidentialRental#10]
2015-05-14 15:15:43 DEBUG SQL:109 - select user0_.id as id1_6_0_, user0_.created as created2_6_0_, user0_.updated as updated3_6_0_, user0_.version as version4_6_0_, user0_.dob as dob5_6_0_, user0_.email as email6_6_0_, user0_.first_name as first_na7_6_0_, user0_.image as image8_6_0_, user0_.last_name as last_nam9_6_0_, user0_.occupation as occupat10_6_0_, user0_.password as passwor11_6_0_ from user user0_ where user0_.id=?
Hibernate: select user0_.id as id1_6_0_, user0_.created as created2_6_0_, user0_.updated as updated3_6_0_, user0_.version as version4_6_0_, user0_.dob as dob5_6_0_, user0_.email as email6_6_0_, user0_.first_name as first_na7_6_0_, user0_.image as image8_6_0_, user0_.last_name as last_nam9_6_0_, user0_.occupation as occupat10_6_0_, user0_.password as passwor11_6_0_ from user user0_ where user0_.id=?
2015-05-14 15:15:43 DEBUG GooGooStatementCache:179 - com.mchange.v2.c3p0.stmt.GlobalMaxOnlyStatementCache ----> CACHE HIT
2015-05-14 15:15:43 DEBUG GooGooStatementCache:196 - checkoutStatement: com.mchange.v2.c3p0.stmt.GlobalMaxOnlyStatementCache stats -- total size: 5; checked out: 2; num connections: 1; num keys: 5
2015-05-14 15:15:43 DEBUG ResultSetProcessorImpl:127 - Starting ResultSet row #0
2015-05-14 15:15:43 DEBUG EntityReferenceInitializerImpl:142 - On call to EntityIdentifierReaderImpl#resolve, EntityKey was already known; should only happen on root returns with an optional identifier specified
2015-05-14 15:15:43 DEBUG TwoPhaseLoad:160 - Resolving associations for [com.easyrent.webapp.persistance.entity.User#2]
2015-05-14 15:15:43 DEBUG TwoPhaseLoad:286 - Done materializing entity [com.easyrent.webapp.persistance.entity.User#2]
2015-05-14 15:15:43 DEBUG GooGooStatementCache:271 - checkinStatement(): com.mchange.v2.c3p0.stmt.GlobalMaxOnlyStatementCache stats -- total size: 5; checked out: 1; num connections: 1; num keys: 5
2015-05-14 15:15:43 DEBUG AbstractLoadPlanBasedEntityLoader:208 - Done entity load : com.easyrent.webapp.persistance.entity.User#2
2015-05-14 15:15:43 DEBUG TwoPhaseLoad:286 - Done materializing entity [com.easyrent.webapp.persistance.entity.ResidentialRental#10]
2015-05-14 15:15:43 DEBUG GooGooStatementCache:271 - checkinStatement(): com.mchange.v2.c3p0.stmt.GlobalMaxOnlyStatementCache stats -- total size: 5; checked out: 0; num connections: 1; num keys: 5
2015-05-14 15:15:43 DEBUG JpaTransactionManager:755 - Initiating transaction commit
2015-05-14 15:15:43 DEBUG JpaTransactionManager:510 - Committing JPA transaction on EntityManager [org.hibernate.jpa.internal.EntityManagerImpl@10c56cbd]
2015-05-14 15:15:43 DEBUG AbstractTransactionImpl:175 - committing
2015-05-14 15:15:43 DEBUG AbstractFlushingEventListener:149 - Processing flush-time cascades
2015-05-14 15:15:43 DEBUG AbstractFlushingEventListener:189 - Dirty checking collections
2015-05-14 15:15:43 DEBUG Collections:201 - Collection found: [com.easyrent.webapp.persistance.entity.Rental.reviews#27], was: [com.easyrent.webapp.persistance.entity.Rental.reviews#27] (uninitialized)
2015-05-14 15:15:43 DEBUG Collections:201 - Collection found: [com.easyrent.webapp.persistance.entity.Rental.reviews#14], was: [com.easyrent.webapp.persistance.entity.Rental.reviews#14] (uninitialized)
2015-05-14 15:15:43 DEBUG Collections:201 - Collection found: [com.easyrent.webapp.persistance.entity.Rental.reviews#1], was: [com.easyrent.webapp.persistance.entity.Rental.reviews#1] (uninitialized)
2015-05-14 15:15:43 DEBUG Collections:201 - Collection found: [com.easyrent.webapp.persistance.entity.Rental.reviews#10], was: [com.easyrent.webapp.persistance.entity.Rental.reviews#10] (uninitialized)
2015-05-14 15:15:43 DEBUG Collections:201 - Collection found: [com.easyrent.webapp.persistance.entity.User.rentals#5], was: [com.easyrent.webapp.persistance.entity.User.rentals#5] (uninitialized)
2015-05-14 15:15:43 DEBUG Collections:201 - Collection found: [com.easyrent.webapp.persistance.entity.User.reviews#5], was: [com.easyrent.webapp.persistance.entity.User.reviews#5] (uninitialized)
2015-05-14 15:15:43 DEBUG Collections:201 - Collection found: [com.easyrent.webapp.persistance.entity.User.rentals#3], was: [com.easyrent.webapp.persistance.entity.User.rentals#3] (uninitialized)
2015-05-14 15:15:43 DEBUG Collections:201 - Collection found: [com.easyrent.webapp.persistance.entity.User.reviews#3], was: [com.easyrent.webapp.persistance.entity.User.reviews#3] (uninitialized)
2015-05-14 15:15:43 DEBUG Collections:201 - Collection found: [com.easyrent.webapp.persistance.entity.User.rentals#1], was: [com.easyrent.webapp.persistance.entity.User.rentals#1] (uninitialized)
2015-05-14 15:15:43 DEBUG Collections:201 - Collection found: [com.easyrent.webapp.persistance.entity.User.reviews#1], was: [com.easyrent.webapp.persistance.entity.User.reviews#1] (uninitialized)
2015-05-14 15:15:43 DEBUG Collections:201 - Collection found: [com.easyrent.webapp.persistance.entity.User.rentals#2], was: [com.easyrent.webapp.persistance.entity.User.rentals#2] (uninitialized)
2015-05-14 15:15:43 DEBUG Collections:201 - Collection found: [com.easyrent.webapp.persistance.entity.User.reviews#2], was: [com.easyrent.webapp.persistance.entity.User.reviews#2] (uninitialized)
2015-05-14 15:15:43 DEBUG AbstractFlushingEventListener:123 - Flushed: 0 insertions, 0 updates, 0 deletions to 8 objects
2015-05-14 15:15:43 DEBUG AbstractFlushingEventListener:130 - Flushed: 0 (re)creations, 0 updates, 0 removals to 12 collections
2015-05-14 15:15:43 DEBUG EntityPrinter:114 - Listing entities:
2015-05-14 15:15:43 DEBUG EntityPrinter:121 - com.easyrent.webapp.persistance.entity.User{lastName=Fateh, occupation=Scientist, reviews=<uninitialized>, rentals=<uninitialized>, image=[B@5b4fb728, password=123456, version=0, id=2, created=2015-05-03 23:26:34.0, updated=2015-05-03 23:26:34.0, email=fayeka@hotmail.com, dob=1998-12-03 00:00:00.0, firstName=Fayeka }
2015-05-14 15:15:43 DEBUG EntityPrinter:121 - com.easyrent.webapp.persistance.entity.ResidentialRental{advancePeriod=1 month, averageRating=3, noticePeriod=1 month, bathrooms=3, version=3, id=1, mobileOne=01680464463, title=Sabrina's Villa, liftFacility=true, imageTwo=[B@3c35705f, updated=2015-05-05 01:48:02.0, created=2015-05-03 23:12:51.0, mobileTwo=, description=Beautiful place to live., rent=30000, longitude=90.411376953125, imageOne=[B@4f9744d, reviews=<uninitialized>, petAllowed=false, imageThree=[B@15426dc8, generatorFacility=true, bedrooms=4, size=3000, carParking=true, furnished=true, category=1, address=component[addressLine,area]{addressLine=house 31, road 8, area=Uttara}, facing=South, gasSupply=true, latitude=23.816318182292207, user=com.easyrent.webapp.persistance.entity.User#1, serviceCharge=5000}
2015-05-14 15:15:43 DEBUG EntityPrinter:121 - com.easyrent.webapp.persistance.entity.User{lastName=Nawsheen, occupation=student, reviews=<uninitialized>, rentals=<uninitialized>, image=[B@76d143ca, password=123456, version=0, id=1, created=2015-05-03 22:54:36.0, updated=2015-05-03 22:54:36.0, email=sabrinanawsheen_1991@hotmail.com, dob=2013-06-11 00:00:00.0, firstName=Sabrina }
2015-05-14 15:15:43 DEBUG EntityPrinter:121 - com.easyrent.webapp.persistance.entity.User{lastName=Nazneen, occupation=architect, reviews=<uninitialized>, rentals=<uninitialized>, image=[B@35d37910, password=123456, version=0, id=5, created=2015-05-05 07:47:29.0, updated=2015-05-05 07:47:29.0, email=numera@hotmail.com, dob=1994-06-15 00:00:00.0, firstName=Numera}
2015-05-14 15:15:43 DEBUG EntityPrinter:121 - com.easyrent.webapp.persistance.entity.User{lastName=Ishrat, occupation=engineer, reviews=<uninitialized>, rentals=<uninitialized>, image=[B@f5e91a2, password=123456, version=0, id=3, created=2015-05-05 00:07:40.0, updated=2015-05-05 00:07:40.0, email=tasfia@hotmail.com, dob=1991-10-18 00:00:00.0, firstName=Tasfia}
2015-05-14 15:15:43 DEBUG EntityPrinter:121 - com.easyrent.webapp.persistance.entity.ResidentialRental{advancePeriod=6 months, averageRating=5, noticePeriod=1 month, bathrooms=3, version=1, id=27, mobileOne=01680464463, title=Space for Sublet, liftFacility=true, imageTwo=[B@5852f7de, updated=2015-05-05 08:57:15.0, created=2015-05-05 08:00:08.0, mobileTwo=, description=Stunning sublet available, rent=100000, longitude=90.411376953125, imageOne=[B@26ee13c1, reviews=<uninitialized>, petAllowed=false, imageThree=null, generatorFacility=false, bedrooms=3, size=5678, carParking=true, furnished=true, category=4, address=component[addressLine,area]{addressLine=house 31, road 8, area=Shantinagar}, facing=South, gasSupply=true, latitude=23.816318182292207, user=com.easyrent.webapp.persistance.entity.User#5, serviceCharge=4321}
2015-05-14 15:15:43 DEBUG EntityPrinter:121 - com.easyrent.webapp.persistance.entity.ResidentialRental{advancePeriod=6 months, averageRating=3, noticePeriod=1 month, bathrooms=1, version=2, id=10, mobileOne=01680464463, title=Place for bachelors , liftFacility=true, imageTwo=null, updated=2015-05-06 17:19:47.0, created=2015-05-04 23:40:30.0, mobileTwo=, description=Full furnished space for single men, rent=30000, longitude=90.39721488952637, imageOne=[B@15b39874, reviews=<uninitialized>, petAllowed=false, imageThree=null, generatorFacility=true, bedrooms=1, size=400, carParking=false, furnished=true, category=7, address=component[addressLine,area]{addressLine=h 43 road 56 sector 45, area=Adabor}, facing=North, gasSupply=true, latitude=23.819655313782448, user=com.easyrent.webapp.persistance.entity.User#2, serviceCharge=400}
2015-05-14 15:15:43 DEBUG EntityPrinter:121 - com.easyrent.webapp.persistance.entity.ResidentialRental{advancePeriod=6 months, averageRating=4, noticePeriod=2 months, bathrooms=3, version=3, id=14, mobileOne=01680464463, title=Neer, liftFacility=true, imageTwo=[B@2b9a557c, updated=2015-05-05 08:55:31.0, created=2015-05-05 00:10:01.0, mobileTwo=, description=beautiful location to live peacefully, rent=30000, longitude=90.40227890014648, imageOne=[B@16948622, reviews=<uninitialized>, petAllowed=false, imageThree=[B@70f22dc2, generatorFacility=true, bedrooms=4, size=3000, carParking=true, furnished=true, category=2, address=component[addressLine,area]{addressLine=house 31, road 8, area=Rampura}, facing=South, gasSupply=true, latitude=23.812863179300493, user=com.easyrent.webapp.persistance.entity.User#3, serviceCharge=2000}
2015-05-14 15:15:43 DEBUG JdbcTransaction:113 - committed JDBC Connection
2015-05-14 15:15:43 DEBUG JdbcTransaction:126 - re-enabling autocommit
2015-05-14 15:15:43 DEBUG JpaTransactionManager:598 - Closing JPA EntityManager [org.hibernate.jpa.internal.EntityManagerImpl@10c56cbd] after transaction
2015-05-14 15:15:43 DEBUG EntityManagerFactoryUtils:435 - Closing JPA EntityManager
2015-05-14 15:15:43 DEBUG LogicalConnectionImpl:246 - Releasing JDBC connection
2015-05-14 15:15:43 DEBUG GooGooStatementCache:297 - checkinAll(): com.mchange.v2.c3p0.stmt.GlobalMaxOnlyStatementCache stats -- total size: 5; checked out: 0; num connections: 1; num keys: 5
2015-05-14 15:15:43 DEBUG BasicResourcePool:1644 - trace com.mchange.v2.resourcepool.BasicResourcePool@101dd23e [managed: 20, unused: 19, excluded: 0] (e.g. com.mchange.v2.c3p0.impl.NewPooledConnection@32b7a670)
2015-05-14 15:15:43 DEBUG GooGooStatementCache:297 - checkinAll(): com.mchange.v2.c3p0.stmt.GlobalMaxOnlyStatementCache stats -- total size: 5; checked out: 0; num connections: 1; num keys: 5
2015-05-14 15:15:43 DEBUG LogicalConnectionImpl:264 - Released JDBC connection
2015-05-14 15:15:43 DEBUG TestDispatcherServlet:1218 - Rendering view [org.springframework.web.servlet.view.JstlView: name 'home'; URL [/WEB-INF/views/home.jsp]] in DispatcherServlet with name ''
2015-05-14 15:15:43 DEBUG JstlView:377 - Added model object 'commercialCategories' of type [java.util.HashMap] to request in view with name 'home'
2015-05-14 15:15:43 DEBUG JstlView:377 - Added model object 'residentialCategories' of type [java.util.HashMap] to request in view with name 'home'
2015-05-14 15:15:43 DEBUG JstlView:377 - Added model object 'commercialRentals' of type [java.util.ArrayList] to request in view with name 'home'
2015-05-14 15:15:43 DEBUG JstlView:377 - Added model object 'residentialRentals' of type [java.util.ArrayList] to request in view with name 'home'
2015-05-14 15:15:43 DEBUG JstlView:207 - Forwarding to resource [/WEB-INF/views/home.jsp] in InternalResourceView 'home'
2015-05-14 15:15:43 DEBUG MockRequestDispatcher:67 - MockRequestDispatcher: forwarding to [/WEB-INF/views/home.jsp]
2015-05-14 15:15:43 DEBUG TestDispatcherServlet:991 - Successfully completed request
2015-05-14 15:15:43 DEBUG DirtiesContextTestExecutionListener:94 - After test method: context [DefaultTestContext@42f308aa testClass = HomeControllerTest, testInstance = com.easyrent.webapp.controller.HomeControllerTest@415c7850, testMethod = viewName@HomeControllerTest, testException = [null], mergedContextConfiguration = [WebMergedContextConfiguration@6bb2725a testClass = HomeControllerTest, locations = '{file:src/main/webapp/WEB-INF/servlet-context.xml, file:src/main/webapp/WEB-INF/applicationContext-jpa.xml}', classes = '{}', contextInitializerClasses = '[]', activeProfiles = '{}', resourceBasePath = 'src/main/webapp', contextLoader = 'org.springframework.test.context.web.WebDelegatingSmartContextLoader', parent = [null]]], class dirties context [false], class mode [null], method dirties context [false].
2015-05-14 15:15:43 DEBUG ServletTestExecutionListener:138 - Resetting RequestContextHolder for test context [DefaultTestContext@42f308aa testClass = HomeControllerTest, testInstance = com.easyrent.webapp.controller.HomeControllerTest@415c7850, testMethod = viewName@HomeControllerTest, testException = [null], mergedContextConfiguration = [WebMergedContextConfiguration@6bb2725a testClass = HomeControllerTest, locations = '{file:src/main/webapp/WEB-INF/servlet-context.xml, file:src/main/webapp/WEB-INF/applicationContext-jpa.xml}', classes = '{}', contextInitializerClasses = '[]', activeProfiles = '{}', resourceBasePath = 'src/main/webapp', contextLoader = 'org.springframework.test.context.web.WebDelegatingSmartContextLoader', parent = [null]]].
2015-05-14 15:15:43 DEBUG DirtiesContextTestExecutionListener:126 - After test class: context [DefaultTestContext@42f308aa testClass = HomeControllerTest, testInstance = [null], testMethod = [null], testException = [null], mergedContextConfiguration = [WebMergedContextConfiguration@6bb2725a testClass = HomeControllerTest, locations = '{file:src/main/webapp/WEB-INF/servlet-context.xml, file:src/main/webapp/WEB-INF/applicationContext-jpa.xml}', classes = '{}', contextInitializerClasses = '[]', activeProfiles = '{}', resourceBasePath = 'src/main/webapp', contextLoader = 'org.springframework.test.context.web.WebDelegatingSmartContextLoader', parent = [null]]], dirtiesContext [false].
]]></system-out>
  <system-err><![CDATA[]]></system-err>
</testsuite>
